<?xml version="1.0" encoding="UTF-8"?>
<testng-results ignored="0" total="13" passed="13" failed="0" skipped="0">
  <reporter-output>
  </reporter-output>
  <suite started-at="2025-06-26T20:52:40 IST" name="Suite" finished-at="2025-06-26T20:54:46 IST" duration-ms="125799">
    <groups>
      <group name="Regression">
        <method signature="LoginTest.verifyTheUserIsAbleToLoginUsingValidCredentials()[pri:0, instance:testscripts.LoginTest@29f7cefd]" name="verifyTheUserIsAbleToLoginUsingValidCredentials" class="testscripts.LoginTest"/>
      </group> <!-- Regression -->
    </groups>
    <test started-at="2025-06-26T20:52:40 IST" name="Test" finished-at="2025-06-26T20:54:46 IST" duration-ms="125799">
      <class name="testscripts.ManageCategoryTest">
        <test-method is-config="true" signature="browserInitialization(java.lang.String)[pri:0, instance:testscripts.ManageCategoryTest@7dfd3c81]" started-at="2025-06-26T20:52:40 IST" name="browserInitialization" finished-at="2025-06-26T20:52:46 IST" duration-ms="6225" status="PASS">
          <params>
            <param index="0">
              <value>
                <![CDATA[chrome]]>
              </value>
            </param>
          </params>
          <reporter-output>
          </reporter-output>
        </test-method> <!-- browserInitialization -->
        <test-method signature="addNewCategoryInManageCategoryPage()[pri:0, instance:testscripts.ManageCategoryTest@7dfd3c81]" started-at="2025-06-26T20:52:46 IST" name="addNewCategoryInManageCategoryPage" finished-at="2025-06-26T20:53:03 IST" duration-ms="17113" status="PASS">
          <reporter-output>
          </reporter-output>
        </test-method> <!-- addNewCategoryInManageCategoryPage -->
        <test-method is-config="true" signature="browserQuit(org.testng.ITestResult)[pri:0, instance:testscripts.ManageCategoryTest@7dfd3c81]" started-at="2025-06-26T20:53:03 IST" name="browserQuit" finished-at="2025-06-26T20:53:03 IST" duration-ms="318" status="PASS">
          <params>
            <param index="0">
              <value>
                <![CDATA[[TestResult name=addNewCategoryInManageCategoryPage status=SUCCESS method=ManageCategoryTest.addNewCategoryInManageCategoryPage()[pri:0, instance:testscripts.ManageCategoryTest@7dfd3c81] output={null}]]]>
              </value>
            </param>
          </params>
          <reporter-output>
          </reporter-output>
        </test-method> <!-- browserQuit -->
      </class> <!-- testscripts.ManageCategoryTest -->
      <class name="testscripts.ManageNewsTest">
        <test-method is-config="true" signature="browserInitialization(java.lang.String)[pri:0, instance:testscripts.ManageNewsTest@69ee81fc]" started-at="2025-06-26T20:53:03 IST" name="browserInitialization" finished-at="2025-06-26T20:53:23 IST" duration-ms="19743" status="PASS">
          <params>
            <param index="0">
              <value>
                <![CDATA[chrome]]>
              </value>
            </param>
          </params>
          <reporter-output>
          </reporter-output>
        </test-method> <!-- browserInitialization -->
        <test-method signature="clickOnEditInManageNews()[pri:0, instance:testscripts.ManageNewsTest@69ee81fc]" started-at="2025-06-26T20:53:23 IST" name="clickOnEditInManageNews" finished-at="2025-06-26T20:53:28 IST" duration-ms="4387" status="PASS">
          <reporter-output>
          </reporter-output>
        </test-method> <!-- clickOnEditInManageNews -->
        <test-method is-config="true" signature="browserQuit(org.testng.ITestResult)[pri:0, instance:testscripts.ManageNewsTest@69ee81fc]" started-at="2025-06-26T20:53:28 IST" name="browserQuit" finished-at="2025-06-26T20:53:28 IST" duration-ms="177" status="PASS">
          <params>
            <param index="0">
              <value>
                <![CDATA[[TestResult name=clickOnEditInManageNews status=SUCCESS method=ManageNewsTest.clickOnEditInManageNews()[pri:0, instance:testscripts.ManageNewsTest@69ee81fc] output={null}]]]>
              </value>
            </param>
          </params>
          <reporter-output>
          </reporter-output>
        </test-method> <!-- browserQuit -->
        <test-method is-config="true" signature="browserInitialization(java.lang.String)[pri:0, instance:testscripts.ManageNewsTest@69ee81fc]" started-at="2025-06-26T20:53:28 IST" name="browserInitialization" finished-at="2025-06-26T20:53:32 IST" duration-ms="4415" status="PASS">
          <params>
            <param index="0">
              <value>
                <![CDATA[chrome]]>
              </value>
            </param>
          </params>
          <reporter-output>
          </reporter-output>
        </test-method> <!-- browserInitialization -->
        <test-method signature="clickOnMoreInfoInManageNews()[pri:0, instance:testscripts.ManageNewsTest@69ee81fc]" started-at="2025-06-26T20:53:32 IST" name="clickOnMoreInfoInManageNews" finished-at="2025-06-26T20:53:35 IST" duration-ms="3219" status="PASS">
          <reporter-output>
          </reporter-output>
        </test-method> <!-- clickOnMoreInfoInManageNews -->
        <test-method is-config="true" signature="browserQuit(org.testng.ITestResult)[pri:0, instance:testscripts.ManageNewsTest@69ee81fc]" started-at="2025-06-26T20:53:35 IST" name="browserQuit" finished-at="2025-06-26T20:53:36 IST" duration-ms="183" status="PASS">
          <params>
            <param index="0">
              <value>
                <![CDATA[[TestResult name=clickOnMoreInfoInManageNews status=SUCCESS method=ManageNewsTest.clickOnMoreInfoInManageNews()[pri:0, instance:testscripts.ManageNewsTest@69ee81fc] output={null}]]]>
              </value>
            </param>
          </params>
          <reporter-output>
          </reporter-output>
        </test-method> <!-- browserQuit -->
      </class> <!-- testscripts.ManageNewsTest -->
      <class name="testscripts.FooterTest">
        <test-method is-config="true" signature="browserInitialization(java.lang.String)[pri:0, instance:testscripts.FooterTest@f58853c]" started-at="2025-06-26T20:54:00 IST" name="browserInitialization" finished-at="2025-06-26T20:54:03 IST" duration-ms="3565" status="PASS">
          <params>
            <param index="0">
              <value>
                <![CDATA[chrome]]>
              </value>
            </param>
          </params>
          <reporter-output>
          </reporter-output>
        </test-method> <!-- browserInitialization -->
        <test-method signature="clickAndUpdateOnFooterTab()[pri:0, instance:testscripts.FooterTest@f58853c]" started-at="2025-06-26T20:54:03 IST" name="clickAndUpdateOnFooterTab" finished-at="2025-06-26T20:54:06 IST" duration-ms="3050" status="PASS">
          <reporter-output>
          </reporter-output>
        </test-method> <!-- clickAndUpdateOnFooterTab -->
        <test-method is-config="true" signature="browserQuit(org.testng.ITestResult)[pri:0, instance:testscripts.FooterTest@f58853c]" started-at="2025-06-26T20:54:06 IST" name="browserQuit" finished-at="2025-06-26T20:54:07 IST" duration-ms="182" status="PASS">
          <params>
            <param index="0">
              <value>
                <![CDATA[[TestResult name=clickAndUpdateOnFooterTab status=SUCCESS method=FooterTest.clickAndUpdateOnFooterTab()[pri:0, instance:testscripts.FooterTest@f58853c] output={null}]]]>
              </value>
            </param>
          </params>
          <reporter-output>
          </reporter-output>
        </test-method> <!-- browserQuit -->
      </class> <!-- testscripts.FooterTest -->
      <class name="testscripts.LogOutTest">
        <test-method is-config="true" signature="browserInitialization(java.lang.String)[pri:0, instance:testscripts.LogOutTest@6e2aa843]" started-at="2025-06-26T20:53:36 IST" name="browserInitialization" finished-at="2025-06-26T20:53:40 IST" duration-ms="4623" status="PASS">
          <params>
            <param index="0">
              <value>
                <![CDATA[chrome]]>
              </value>
            </param>
          </params>
          <reporter-output>
          </reporter-output>
        </test-method> <!-- browserInitialization -->
        <test-method signature="clickOnLogOutButton()[pri:0, instance:testscripts.LogOutTest@6e2aa843]" started-at="2025-06-26T20:53:40 IST" name="clickOnLogOutButton" finished-at="2025-06-26T20:53:42 IST" duration-ms="2238" status="PASS">
          <reporter-output>
          </reporter-output>
        </test-method> <!-- clickOnLogOutButton -->
        <test-method is-config="true" signature="browserQuit(org.testng.ITestResult)[pri:0, instance:testscripts.LogOutTest@6e2aa843]" started-at="2025-06-26T20:53:42 IST" name="browserQuit" finished-at="2025-06-26T20:53:43 IST" duration-ms="189" status="PASS">
          <params>
            <param index="0">
              <value>
                <![CDATA[[TestResult name=clickOnLogOutButton status=SUCCESS method=LogOutTest.clickOnLogOutButton()[pri:0, instance:testscripts.LogOutTest@6e2aa843] output={null}]]]>
              </value>
            </param>
          </params>
          <reporter-output>
          </reporter-output>
        </test-method> <!-- browserQuit -->
      </class> <!-- testscripts.LogOutTest -->
      <class name="testscripts.ManageContactTest">
        <test-method is-config="true" signature="browserInitialization(java.lang.String)[pri:0, instance:testscripts.ManageContactTest@6f36c2f0]" started-at="2025-06-26T20:53:43 IST" name="browserInitialization" finished-at="2025-06-26T20:53:48 IST" duration-ms="4991" status="PASS">
          <params>
            <param index="0">
              <value>
                <![CDATA[chrome]]>
              </value>
            </param>
          </params>
          <reporter-output>
          </reporter-output>
        </test-method> <!-- browserInitialization -->
        <test-method signature="ClickOnManageContactTab()[pri:0, instance:testscripts.ManageContactTest@6f36c2f0]" started-at="2025-06-26T20:53:48 IST" name="ClickOnManageContactTab" finished-at="2025-06-26T20:53:51 IST" duration-ms="3837" status="PASS">
          <reporter-output>
          </reporter-output>
        </test-method> <!-- ClickOnManageContactTab -->
        <test-method is-config="true" signature="browserQuit(org.testng.ITestResult)[pri:0, instance:testscripts.ManageContactTest@6f36c2f0]" started-at="2025-06-26T20:53:51 IST" name="browserQuit" finished-at="2025-06-26T20:53:52 IST" duration-ms="191" status="PASS">
          <params>
            <param index="0">
              <value>
                <![CDATA[[TestResult name=ClickOnManageContactTab status=SUCCESS method=ManageContactTest.ClickOnManageContactTab()[pri:0, instance:testscripts.ManageContactTest@6f36c2f0] output={null}]]]>
              </value>
            </param>
          </params>
          <reporter-output>
          </reporter-output>
        </test-method> <!-- browserQuit -->
        <test-method is-config="true" signature="browserInitialization(java.lang.String)[pri:0, instance:testscripts.ManageContactTest@6f36c2f0]" started-at="2025-06-26T20:53:52 IST" name="browserInitialization" finished-at="2025-06-26T20:53:58 IST" duration-ms="6294" status="PASS">
          <params>
            <param index="0">
              <value>
                <![CDATA[chrome]]>
              </value>
            </param>
          </params>
          <reporter-output>
          </reporter-output>
        </test-method> <!-- browserInitialization -->
        <test-method signature="VerifyUpdateButtonIsPresent()[pri:0, instance:testscripts.ManageContactTest@6f36c2f0]" started-at="2025-06-26T20:53:58 IST" name="VerifyUpdateButtonIsPresent" finished-at="2025-06-26T20:54:00 IST" duration-ms="1683" status="PASS">
          <reporter-output>
          </reporter-output>
        </test-method> <!-- VerifyUpdateButtonIsPresent -->
        <test-method is-config="true" signature="browserQuit(org.testng.ITestResult)[pri:0, instance:testscripts.ManageContactTest@6f36c2f0]" started-at="2025-06-26T20:54:00 IST" name="browserQuit" finished-at="2025-06-26T20:54:00 IST" duration-ms="185" status="PASS">
          <params>
            <param index="0">
              <value>
                <![CDATA[[TestResult name=VerifyUpdateButtonIsPresent status=SUCCESS method=ManageContactTest.VerifyUpdateButtonIsPresent()[pri:0, instance:testscripts.ManageContactTest@6f36c2f0] output={null}]]]>
              </value>
            </param>
          </params>
          <reporter-output>
          </reporter-output>
        </test-method> <!-- browserQuit -->
      </class> <!-- testscripts.ManageContactTest -->
      <class name="testscripts.LoginTest">
        <test-method is-config="true" signature="browserInitialization(java.lang.String)[pri:0, instance:testscripts.LoginTest@29f7cefd]" started-at="2025-06-26T20:54:20 IST" name="browserInitialization" finished-at="2025-06-26T20:54:26 IST" duration-ms="6027" status="PASS">
          <params>
            <param index="0">
              <value>
                <![CDATA[chrome]]>
              </value>
            </param>
          </params>
          <reporter-output>
          </reporter-output>
        </test-method> <!-- browserInitialization -->
        <test-method signature="verifyTheUserIsAbleToLoginUsingInvalidPassCredentials()[pri:0, instance:testscripts.LoginTest@29f7cefd]" started-at="2025-06-26T20:54:26 IST" name="verifyTheUserIsAbleToLoginUsingInvalidPassCredentials" finished-at="2025-06-26T20:54:27 IST" duration-ms="437" status="PASS">
          <reporter-output>
          </reporter-output>
        </test-method> <!-- verifyTheUserIsAbleToLoginUsingInvalidPassCredentials -->
        <test-method is-config="true" signature="browserQuit(org.testng.ITestResult)[pri:0, instance:testscripts.LoginTest@29f7cefd]" started-at="2025-06-26T20:54:27 IST" name="browserQuit" finished-at="2025-06-26T20:54:27 IST" duration-ms="144" status="PASS">
          <params>
            <param index="0">
              <value>
                <![CDATA[[TestResult name=verifyTheUserIsAbleToLoginUsingInvalidPassCredentials status=SUCCESS method=LoginTest.verifyTheUserIsAbleToLoginUsingInvalidPassCredentials()[pri:0, instance:testscripts.LoginTest@29f7cefd] output={null}]]]>
              </value>
            </param>
          </params>
          <reporter-output>
          </reporter-output>
        </test-method> <!-- browserQuit -->
        <test-method is-config="true" signature="browserInitialization(java.lang.String)[pri:0, instance:testscripts.LoginTest@29f7cefd]" started-at="2025-06-26T20:54:27 IST" name="browserInitialization" finished-at="2025-06-26T20:54:30 IST" duration-ms="3449" status="PASS">
          <params>
            <param index="0">
              <value>
                <![CDATA[chrome]]>
              </value>
            </param>
          </params>
          <reporter-output>
          </reporter-output>
        </test-method> <!-- browserInitialization -->
        <test-method signature="verifyTheUserIsAbleToLoginUsingInvalidUserAndPassCredentials()[pri:0, instance:testscripts.LoginTest@29f7cefd]" started-at="2025-06-26T20:54:30 IST" name="verifyTheUserIsAbleToLoginUsingInvalidUserAndPassCredentials" finished-at="2025-06-26T20:54:31 IST" duration-ms="417" status="PASS">
          <reporter-output>
          </reporter-output>
        </test-method> <!-- verifyTheUserIsAbleToLoginUsingInvalidUserAndPassCredentials -->
        <test-method is-config="true" signature="browserQuit(org.testng.ITestResult)[pri:0, instance:testscripts.LoginTest@29f7cefd]" started-at="2025-06-26T20:54:31 IST" name="browserQuit" finished-at="2025-06-26T20:54:31 IST" duration-ms="149" status="PASS">
          <params>
            <param index="0">
              <value>
                <![CDATA[[TestResult name=verifyTheUserIsAbleToLoginUsingInvalidUserAndPassCredentials status=SUCCESS method=LoginTest.verifyTheUserIsAbleToLoginUsingInvalidUserAndPassCredentials()[pri:0, instance:testscripts.LoginTest@29f7cefd] output={null}]]]>
              </value>
            </param>
          </params>
          <reporter-output>
          </reporter-output>
        </test-method> <!-- browserQuit -->
        <test-method is-config="true" signature="browserInitialization(java.lang.String)[pri:0, instance:testscripts.LoginTest@29f7cefd]" started-at="2025-06-26T20:54:31 IST" name="browserInitialization" finished-at="2025-06-26T20:54:36 IST" duration-ms="5287" status="PASS">
          <params>
            <param index="0">
              <value>
                <![CDATA[chrome]]>
              </value>
            </param>
          </params>
          <reporter-output>
          </reporter-output>
        </test-method> <!-- browserInitialization -->
        <test-method signature="verifyTheUserIsAbleToLoginUsingInvalidUserCredentials()[pri:0, instance:testscripts.LoginTest@29f7cefd]" started-at="2025-06-26T20:54:36 IST" name="verifyTheUserIsAbleToLoginUsingInvalidUserCredentials" finished-at="2025-06-26T20:54:37 IST" duration-ms="394" status="PASS">
          <reporter-output>
          </reporter-output>
        </test-method> <!-- verifyTheUserIsAbleToLoginUsingInvalidUserCredentials -->
        <test-method is-config="true" signature="browserQuit(org.testng.ITestResult)[pri:0, instance:testscripts.LoginTest@29f7cefd]" started-at="2025-06-26T20:54:37 IST" name="browserQuit" finished-at="2025-06-26T20:54:37 IST" duration-ms="160" status="PASS">
          <params>
            <param index="0">
              <value>
                <![CDATA[[TestResult name=verifyTheUserIsAbleToLoginUsingInvalidUserCredentials status=SUCCESS method=LoginTest.verifyTheUserIsAbleToLoginUsingInvalidUserCredentials()[pri:0, instance:testscripts.LoginTest@29f7cefd] output={null}]]]>
              </value>
            </param>
          </params>
          <reporter-output>
          </reporter-output>
        </test-method> <!-- browserQuit -->
        <test-method is-config="true" signature="browserInitialization(java.lang.String)[pri:0, instance:testscripts.LoginTest@29f7cefd]" started-at="2025-06-26T20:54:37 IST" name="browserInitialization" finished-at="2025-06-26T20:54:43 IST" duration-ms="6438" status="PASS">
          <params>
            <param index="0">
              <value>
                <![CDATA[chrome]]>
              </value>
            </param>
          </params>
          <reporter-output>
          </reporter-output>
        </test-method> <!-- browserInitialization -->
        <test-method signature="verifyTheUserIsAbleToLoginUsingValidCredentials()[pri:0, instance:testscripts.LoginTest@29f7cefd]" started-at="2025-06-26T20:54:43 IST" name="verifyTheUserIsAbleToLoginUsingValidCredentials" finished-at="2025-06-26T20:54:45 IST" duration-ms="2168" status="PASS">
          <reporter-output>
          </reporter-output>
        </test-method> <!-- verifyTheUserIsAbleToLoginUsingValidCredentials -->
        <test-method is-config="true" signature="browserQuit(org.testng.ITestResult)[pri:0, instance:testscripts.LoginTest@29f7cefd]" started-at="2025-06-26T20:54:45 IST" name="browserQuit" finished-at="2025-06-26T20:54:46 IST" duration-ms="163" status="PASS">
          <params>
            <param index="0">
              <value>
                <![CDATA[[TestResult name=verifyTheUserIsAbleToLoginUsingValidCredentials status=SUCCESS method=LoginTest.verifyTheUserIsAbleToLoginUsingValidCredentials()[pri:0, instance:testscripts.LoginTest@29f7cefd] output={null}]]]>
              </value>
            </param>
          </params>
          <reporter-output>
          </reporter-output>
        </test-method> <!-- browserQuit -->
      </class> <!-- testscripts.LoginTest -->
      <class name="testscripts.AdminUserTest">
        <test-method is-config="true" signature="browserInitialization(java.lang.String)[pri:0, instance:testscripts.AdminUserTest@1224144a]" started-at="2025-06-26T20:54:07 IST" name="browserInitialization" finished-at="2025-06-26T20:54:10 IST" duration-ms="3488" status="PASS">
          <params>
            <param index="0">
              <value>
                <![CDATA[chrome]]>
              </value>
            </param>
          </params>
          <reporter-output>
          </reporter-output>
        </test-method> <!-- browserInitialization -->
        <test-method signature="clickOnAdminUsersTab()[pri:0, instance:testscripts.AdminUserTest@1224144a]" started-at="2025-06-26T20:54:10 IST" name="clickOnAdminUsersTab" finished-at="2025-06-26T20:54:12 IST" duration-ms="1650" status="PASS">
          <reporter-output>
          </reporter-output>
        </test-method> <!-- clickOnAdminUsersTab -->
        <test-method is-config="true" signature="browserQuit(org.testng.ITestResult)[pri:0, instance:testscripts.AdminUserTest@1224144a]" started-at="2025-06-26T20:54:12 IST" name="browserQuit" finished-at="2025-06-26T20:54:12 IST" duration-ms="244" status="PASS">
          <params>
            <param index="0">
              <value>
                <![CDATA[[TestResult name=clickOnAdminUsersTab status=SUCCESS method=AdminUserTest.clickOnAdminUsersTab()[pri:0, instance:testscripts.AdminUserTest@1224144a] output={null}]]]>
              </value>
            </param>
          </params>
          <reporter-output>
          </reporter-output>
        </test-method> <!-- browserQuit -->
        <test-method is-config="true" signature="browserInitialization(java.lang.String)[pri:0, instance:testscripts.AdminUserTest@1224144a]" started-at="2025-06-26T20:54:12 IST" name="browserInitialization" finished-at="2025-06-26T20:54:17 IST" duration-ms="5222" status="PASS">
          <params>
            <param index="0">
              <value>
                <![CDATA[chrome]]>
              </value>
            </param>
          </params>
          <reporter-output>
          </reporter-output>
        </test-method> <!-- browserInitialization -->
        <test-method signature="updateExistingUserDetails()[pri:0, instance:testscripts.AdminUserTest@1224144a]" started-at="2025-06-26T20:54:17 IST" name="updateExistingUserDetails" finished-at="2025-06-26T20:54:20 IST" duration-ms="2895" status="PASS">
          <reporter-output>
          </reporter-output>
        </test-method> <!-- updateExistingUserDetails -->
        <test-method is-config="true" signature="browserQuit(org.testng.ITestResult)[pri:0, instance:testscripts.AdminUserTest@1224144a]" started-at="2025-06-26T20:54:20 IST" name="browserQuit" finished-at="2025-06-26T20:54:20 IST" duration-ms="151" status="PASS">
          <params>
            <param index="0">
              <value>
                <![CDATA[[TestResult name=updateExistingUserDetails status=SUCCESS method=AdminUserTest.updateExistingUserDetails()[pri:0, instance:testscripts.AdminUserTest@1224144a] output={null}]]]>
              </value>
            </param>
          </params>
          <reporter-output>
          </reporter-output>
        </test-method> <!-- browserQuit -->
      </class> <!-- testscripts.AdminUserTest -->
    </test> <!-- Test -->
  </suite> <!-- Suite -->
</testng-results>
