<?xml version="1.0" encoding="UTF-8"?>
<testng-results ignored="0" total="15" passed="15" failed="0" skipped="0">
  <reporter-output>
  </reporter-output>
  <suite started-at="2025-07-09T20:25:19 IST" name="Suite" finished-at="2025-07-09T20:26:12 IST" duration-ms="53194">
    <groups>
      <group name="Regression">
        <method signature="LoginTest.verifyTheUserIsAbleToLoginUsingValidCredentials()[pri:0, instance:testscripts.LoginTest@17503f6b]" name="verifyTheUserIsAbleToLoginUsingValidCredentials" class="testscripts.LoginTest"/>
      </group> <!-- Regression -->
    </groups>
    <test started-at="2025-07-09T20:25:19 IST" name="Test" finished-at="2025-07-09T20:26:12 IST" duration-ms="53194">
      <class name="testscripts.ManageCategoryTest">
        <test-method is-config="true" signature="browserInitialization(java.lang.String)[pri:0, instance:testscripts.ManageCategoryTest@24c1b2d2]" started-at="2025-07-09T20:25:19 IST" name="browserInitialization" finished-at="2025-07-09T20:25:24 IST" duration-ms="5618" status="PASS">
          <params>
            <param index="0">
              <value>
                <![CDATA[chrome]]>
              </value>
            </param>
          </params>
          <reporter-output>
          </reporter-output>
        </test-method> <!-- browserInitialization -->
        <test-method signature="addNewCategoryInManageCategoryPage()[pri:0, instance:testscripts.ManageCategoryTest@24c1b2d2]" started-at="2025-07-09T20:25:24 IST" name="addNewCategoryInManageCategoryPage" finished-at="2025-07-09T20:25:28 IST" duration-ms="3649" status="PASS">
          <reporter-output>
          </reporter-output>
        </test-method> <!-- addNewCategoryInManageCategoryPage -->
        <test-method is-config="true" signature="browserQuit(org.testng.ITestResult)[pri:0, instance:testscripts.ManageCategoryTest@24c1b2d2]" started-at="2025-07-09T20:25:28 IST" name="browserQuit" finished-at="2025-07-09T20:25:28 IST" duration-ms="210" status="PASS">
          <params>
            <param index="0">
              <value>
                <![CDATA[[TestResult name=addNewCategoryInManageCategoryPage status=SUCCESS method=ManageCategoryTest.addNewCategoryInManageCategoryPage()[pri:0, instance:testscripts.ManageCategoryTest@24c1b2d2] output={null}]]]>
              </value>
            </param>
          </params>
          <reporter-output>
          </reporter-output>
        </test-method> <!-- browserQuit -->
      </class> <!-- testscripts.ManageCategoryTest -->
      <class name="testscripts.ManageNewsTest">
        <test-method is-config="true" signature="browserInitialization(java.lang.String)[pri:0, instance:testscripts.ManageNewsTest@15d49048]" started-at="2025-07-09T20:25:28 IST" name="browserInitialization" finished-at="2025-07-09T20:25:30 IST" duration-ms="2029" status="PASS">
          <params>
            <param index="0">
              <value>
                <![CDATA[chrome]]>
              </value>
            </param>
          </params>
          <reporter-output>
          </reporter-output>
        </test-method> <!-- browserInitialization -->
        <test-method signature="clickOnEditInManageNews()[pri:0, instance:testscripts.ManageNewsTest@15d49048]" started-at="2025-07-09T20:25:30 IST" name="clickOnEditInManageNews" finished-at="2025-07-09T20:25:32 IST" duration-ms="1549" status="PASS">
          <reporter-output>
          </reporter-output>
        </test-method> <!-- clickOnEditInManageNews -->
        <test-method is-config="true" signature="browserQuit(org.testng.ITestResult)[pri:0, instance:testscripts.ManageNewsTest@15d49048]" started-at="2025-07-09T20:25:32 IST" name="browserQuit" finished-at="2025-07-09T20:25:32 IST" duration-ms="195" status="PASS">
          <params>
            <param index="0">
              <value>
                <![CDATA[[TestResult name=clickOnEditInManageNews status=SUCCESS method=ManageNewsTest.clickOnEditInManageNews()[pri:0, instance:testscripts.ManageNewsTest@15d49048] output={null}]]]>
              </value>
            </param>
          </params>
          <reporter-output>
          </reporter-output>
        </test-method> <!-- browserQuit -->
        <test-method is-config="true" signature="browserInitialization(java.lang.String)[pri:0, instance:testscripts.ManageNewsTest@15d49048]" started-at="2025-07-09T20:25:32 IST" name="browserInitialization" finished-at="2025-07-09T20:25:34 IST" duration-ms="2466" status="PASS">
          <params>
            <param index="0">
              <value>
                <![CDATA[chrome]]>
              </value>
            </param>
          </params>
          <reporter-output>
          </reporter-output>
        </test-method> <!-- browserInitialization -->
        <test-method signature="clickOnMoreInfoInManageNews()[pri:0, instance:testscripts.ManageNewsTest@15d49048]" started-at="2025-07-09T20:25:34 IST" name="clickOnMoreInfoInManageNews" finished-at="2025-07-09T20:25:36 IST" duration-ms="1385" status="PASS">
          <reporter-output>
          </reporter-output>
        </test-method> <!-- clickOnMoreInfoInManageNews -->
        <test-method is-config="true" signature="browserQuit(org.testng.ITestResult)[pri:0, instance:testscripts.ManageNewsTest@15d49048]" started-at="2025-07-09T20:25:36 IST" name="browserQuit" finished-at="2025-07-09T20:25:36 IST" duration-ms="155" status="PASS">
          <params>
            <param index="0">
              <value>
                <![CDATA[[TestResult name=clickOnMoreInfoInManageNews status=SUCCESS method=ManageNewsTest.clickOnMoreInfoInManageNews()[pri:0, instance:testscripts.ManageNewsTest@15d49048] output={null}]]]>
              </value>
            </param>
          </params>
          <reporter-output>
          </reporter-output>
        </test-method> <!-- browserQuit -->
      </class> <!-- testscripts.ManageNewsTest -->
      <class name="testscripts.FooterTest">
        <test-method is-config="true" signature="browserInitialization(java.lang.String)[pri:0, instance:testscripts.FooterTest@503f91c3]" started-at="2025-07-09T20:25:44 IST" name="browserInitialization" finished-at="2025-07-09T20:25:47 IST" duration-ms="2891" status="PASS">
          <params>
            <param index="0">
              <value>
                <![CDATA[chrome]]>
              </value>
            </param>
          </params>
          <reporter-output>
          </reporter-output>
        </test-method> <!-- browserInitialization -->
        <test-method signature="clickAndUpdateOnFooterTab()[pri:0, instance:testscripts.FooterTest@503f91c3]" started-at="2025-07-09T20:25:47 IST" name="clickAndUpdateOnFooterTab" finished-at="2025-07-09T20:25:48 IST" duration-ms="1317" status="PASS">
          <reporter-output>
          </reporter-output>
        </test-method> <!-- clickAndUpdateOnFooterTab -->
        <test-method is-config="true" signature="browserQuit(org.testng.ITestResult)[pri:0, instance:testscripts.FooterTest@503f91c3]" started-at="2025-07-09T20:25:48 IST" name="browserQuit" finished-at="2025-07-09T20:25:48 IST" duration-ms="144" status="PASS">
          <params>
            <param index="0">
              <value>
                <![CDATA[[TestResult name=clickAndUpdateOnFooterTab status=SUCCESS method=FooterTest.clickAndUpdateOnFooterTab()[pri:0, instance:testscripts.FooterTest@503f91c3] output={null}]]]>
              </value>
            </param>
          </params>
          <reporter-output>
          </reporter-output>
        </test-method> <!-- browserQuit -->
      </class> <!-- testscripts.FooterTest -->
      <class name="testscripts.ManageContactTest">
        <test-method is-config="true" signature="browserInitialization(java.lang.String)[pri:0, instance:testscripts.ManageContactTest@7098b907]" started-at="2025-07-09T20:25:36 IST" name="browserInitialization" finished-at="2025-07-09T20:25:38 IST" duration-ms="2490" status="PASS">
          <params>
            <param index="0">
              <value>
                <![CDATA[chrome]]>
              </value>
            </param>
          </params>
          <reporter-output>
          </reporter-output>
        </test-method> <!-- browserInitialization -->
        <test-method signature="ClickOnManageContactTab()[pri:0, instance:testscripts.ManageContactTest@7098b907]" started-at="2025-07-09T20:25:38 IST" name="ClickOnManageContactTab" finished-at="2025-07-09T20:25:40 IST" duration-ms="1963" status="PASS">
          <reporter-output>
          </reporter-output>
        </test-method> <!-- ClickOnManageContactTab -->
        <test-method is-config="true" signature="browserQuit(org.testng.ITestResult)[pri:0, instance:testscripts.ManageContactTest@7098b907]" started-at="2025-07-09T20:25:40 IST" name="browserQuit" finished-at="2025-07-09T20:25:41 IST" duration-ms="154" status="PASS">
          <params>
            <param index="0">
              <value>
                <![CDATA[[TestResult name=ClickOnManageContactTab status=SUCCESS method=ManageContactTest.ClickOnManageContactTab()[pri:0, instance:testscripts.ManageContactTest@7098b907] output={null}]]]>
              </value>
            </param>
          </params>
          <reporter-output>
          </reporter-output>
        </test-method> <!-- browserQuit -->
        <test-method is-config="true" signature="browserInitialization(java.lang.String)[pri:0, instance:testscripts.ManageContactTest@7098b907]" started-at="2025-07-09T20:25:41 IST" name="browserInitialization" finished-at="2025-07-09T20:25:43 IST" duration-ms="2228" status="PASS">
          <params>
            <param index="0">
              <value>
                <![CDATA[chrome]]>
              </value>
            </param>
          </params>
          <reporter-output>
          </reporter-output>
        </test-method> <!-- browserInitialization -->
        <test-method signature="VerifyUpdateButtonIsPresent()[pri:0, instance:testscripts.ManageContactTest@7098b907]" started-at="2025-07-09T20:25:43 IST" name="VerifyUpdateButtonIsPresent" finished-at="2025-07-09T20:25:44 IST" duration-ms="864" status="PASS">
          <reporter-output>
          </reporter-output>
        </test-method> <!-- VerifyUpdateButtonIsPresent -->
        <test-method is-config="true" signature="browserQuit(org.testng.ITestResult)[pri:0, instance:testscripts.ManageContactTest@7098b907]" started-at="2025-07-09T20:25:44 IST" name="browserQuit" finished-at="2025-07-09T20:25:44 IST" duration-ms="154" status="PASS">
          <params>
            <param index="0">
              <value>
                <![CDATA[[TestResult name=VerifyUpdateButtonIsPresent status=SUCCESS method=ManageContactTest.VerifyUpdateButtonIsPresent()[pri:0, instance:testscripts.ManageContactTest@7098b907] output={null}]]]>
              </value>
            </param>
          </params>
          <reporter-output>
          </reporter-output>
        </test-method> <!-- browserQuit -->
      </class> <!-- testscripts.ManageContactTest -->
      <class name="testscripts.LoginTest">
        <test-method is-config="true" signature="browserInitialization(java.lang.String)[pri:0, instance:testscripts.LoginTest@17503f6b]" started-at="2025-07-09T20:25:57 IST" name="browserInitialization" finished-at="2025-07-09T20:25:59 IST" duration-ms="1742" status="PASS">
          <params>
            <param index="0">
              <value>
                <![CDATA[chrome]]>
              </value>
            </param>
          </params>
          <reporter-output>
          </reporter-output>
        </test-method> <!-- browserInitialization -->
        <test-method signature="verifyTheUserIsAbleToLoginUsingInvalidPassCredentials()[pri:0, instance:testscripts.LoginTest@17503f6b]" started-at="2025-07-09T20:25:59 IST" name="verifyTheUserIsAbleToLoginUsingInvalidPassCredentials" finished-at="2025-07-09T20:26:00 IST" duration-ms="346" status="PASS">
          <reporter-output>
          </reporter-output>
        </test-method> <!-- verifyTheUserIsAbleToLoginUsingInvalidPassCredentials -->
        <test-method is-config="true" signature="browserQuit(org.testng.ITestResult)[pri:0, instance:testscripts.LoginTest@17503f6b]" started-at="2025-07-09T20:26:00 IST" name="browserQuit" finished-at="2025-07-09T20:26:00 IST" duration-ms="140" status="PASS">
          <params>
            <param index="0">
              <value>
                <![CDATA[[TestResult name=verifyTheUserIsAbleToLoginUsingInvalidPassCredentials status=SUCCESS method=LoginTest.verifyTheUserIsAbleToLoginUsingInvalidPassCredentials()[pri:0, instance:testscripts.LoginTest@17503f6b] output={null}]]]>
              </value>
            </param>
          </params>
          <reporter-output>
          </reporter-output>
        </test-method> <!-- browserQuit -->
        <test-method is-config="true" signature="browserInitialization(java.lang.String)[pri:0, instance:testscripts.LoginTest@17503f6b]" started-at="2025-07-09T20:26:00 IST" name="browserInitialization" finished-at="2025-07-09T20:26:01 IST" duration-ms="1735" status="PASS">
          <params>
            <param index="0">
              <value>
                <![CDATA[chrome]]>
              </value>
            </param>
          </params>
          <reporter-output>
          </reporter-output>
        </test-method> <!-- browserInitialization -->
        <test-method signature="verifyTheUserIsAbleToLoginUsingInvalidUserAndPassCredentials(java.lang.String,java.lang.String)[pri:0, instance:testscripts.LoginTest@17503f6b]" started-at="2025-07-09T20:26:01 IST" name="verifyTheUserIsAbleToLoginUsingInvalidUserAndPassCredentials" data-provider="logindataprovider" finished-at="2025-07-09T20:26:02 IST" duration-ms="332" status="PASS">
          <params>
            <param index="0">
              <value>
                <![CDATA[222]]>
              </value>
            </param>
            <param index="1">
              <value>
                <![CDATA[sss]]>
              </value>
            </param>
          </params>
          <reporter-output>
          </reporter-output>
        </test-method> <!-- verifyTheUserIsAbleToLoginUsingInvalidUserAndPassCredentials -->
        <test-method is-config="true" signature="browserQuit(org.testng.ITestResult)[pri:0, instance:testscripts.LoginTest@17503f6b]" started-at="2025-07-09T20:26:02 IST" name="browserQuit" finished-at="2025-07-09T20:26:02 IST" duration-ms="189" status="PASS">
          <params>
            <param index="0">
              <value>
                <![CDATA[[TestResult name=verifyTheUserIsAbleToLoginUsingInvalidUserAndPassCredentials status=SUCCESS method=LoginTest.verifyTheUserIsAbleToLoginUsingInvalidUserAndPassCredentials(java.lang.String,java.lang.String)[pri:0, instance:testscripts.LoginTest@17503f6b] output={null}]]]>
              </value>
            </param>
          </params>
          <reporter-output>
          </reporter-output>
        </test-method> <!-- browserQuit -->
        <test-method is-config="true" signature="browserInitialization(java.lang.String)[pri:0, instance:testscripts.LoginTest@17503f6b]" started-at="2025-07-09T20:26:02 IST" name="browserInitialization" finished-at="2025-07-09T20:26:04 IST" duration-ms="2170" status="PASS">
          <params>
            <param index="0">
              <value>
                <![CDATA[chrome]]>
              </value>
            </param>
          </params>
          <reporter-output>
          </reporter-output>
        </test-method> <!-- browserInitialization -->
        <test-method signature="verifyTheUserIsAbleToLoginUsingInvalidUserAndPassCredentials(java.lang.String,java.lang.String)[pri:0, instance:testscripts.LoginTest@17503f6b]" started-at="2025-07-09T20:26:04 IST" name="verifyTheUserIsAbleToLoginUsingInvalidUserAndPassCredentials" data-provider="logindataprovider" finished-at="2025-07-09T20:26:04 IST" duration-ms="344" status="PASS">
          <params>
            <param index="0">
              <value>
                <![CDATA[22222]]>
              </value>
            </param>
            <param index="1">
              <value>
                <![CDATA[rrrr]]>
              </value>
            </param>
          </params>
          <reporter-output>
          </reporter-output>
        </test-method> <!-- verifyTheUserIsAbleToLoginUsingInvalidUserAndPassCredentials -->
        <test-method is-config="true" signature="browserQuit(org.testng.ITestResult)[pri:0, instance:testscripts.LoginTest@17503f6b]" started-at="2025-07-09T20:26:04 IST" name="browserQuit" finished-at="2025-07-09T20:26:05 IST" duration-ms="180" status="PASS">
          <params>
            <param index="0">
              <value>
                <![CDATA[[TestResult name=verifyTheUserIsAbleToLoginUsingInvalidUserAndPassCredentials status=SUCCESS method=LoginTest.verifyTheUserIsAbleToLoginUsingInvalidUserAndPassCredentials(java.lang.String,java.lang.String)[pri:0, instance:testscripts.LoginTest@17503f6b] output={null}]]]>
              </value>
            </param>
          </params>
          <reporter-output>
          </reporter-output>
        </test-method> <!-- browserQuit -->
        <test-method is-config="true" signature="browserInitialization(java.lang.String)[pri:0, instance:testscripts.LoginTest@17503f6b]" started-at="2025-07-09T20:26:05 IST" name="browserInitialization" finished-at="2025-07-09T20:26:06 IST" duration-ms="1713" status="PASS">
          <params>
            <param index="0">
              <value>
                <![CDATA[chrome]]>
              </value>
            </param>
          </params>
          <reporter-output>
          </reporter-output>
        </test-method> <!-- browserInitialization -->
        <test-method signature="verifyTheUserIsAbleToLoginUsingInvalidUserAndPassCredentials(java.lang.String,java.lang.String)[pri:0, instance:testscripts.LoginTest@17503f6b]" started-at="2025-07-09T20:26:06 IST" name="verifyTheUserIsAbleToLoginUsingInvalidUserAndPassCredentials" data-provider="logindataprovider" finished-at="2025-07-09T20:26:07 IST" duration-ms="353" status="PASS">
          <params>
            <param index="0">
              <value>
                <![CDATA[eee]]>
              </value>
            </param>
            <param index="1">
              <value>
                <![CDATA[ddd]]>
              </value>
            </param>
          </params>
          <reporter-output>
          </reporter-output>
        </test-method> <!-- verifyTheUserIsAbleToLoginUsingInvalidUserAndPassCredentials -->
        <test-method is-config="true" signature="browserQuit(org.testng.ITestResult)[pri:0, instance:testscripts.LoginTest@17503f6b]" started-at="2025-07-09T20:26:07 IST" name="browserQuit" finished-at="2025-07-09T20:26:07 IST" duration-ms="185" status="PASS">
          <params>
            <param index="0">
              <value>
                <![CDATA[[TestResult name=verifyTheUserIsAbleToLoginUsingInvalidUserAndPassCredentials status=SUCCESS method=LoginTest.verifyTheUserIsAbleToLoginUsingInvalidUserAndPassCredentials(java.lang.String,java.lang.String)[pri:0, instance:testscripts.LoginTest@17503f6b] output={null}]]]>
              </value>
            </param>
          </params>
          <reporter-output>
          </reporter-output>
        </test-method> <!-- browserQuit -->
        <test-method is-config="true" signature="browserInitialization(java.lang.String)[pri:0, instance:testscripts.LoginTest@17503f6b]" started-at="2025-07-09T20:26:07 IST" name="browserInitialization" finished-at="2025-07-09T20:26:09 IST" duration-ms="1724" status="PASS">
          <params>
            <param index="0">
              <value>
                <![CDATA[chrome]]>
              </value>
            </param>
          </params>
          <reporter-output>
          </reporter-output>
        </test-method> <!-- browserInitialization -->
        <test-method signature="verifyTheUserIsAbleToLoginUsingInvalidUserCredentials()[pri:0, instance:testscripts.LoginTest@17503f6b]" started-at="2025-07-09T20:26:09 IST" name="verifyTheUserIsAbleToLoginUsingInvalidUserCredentials" finished-at="2025-07-09T20:26:09 IST" duration-ms="400" status="PASS">
          <reporter-output>
          </reporter-output>
        </test-method> <!-- verifyTheUserIsAbleToLoginUsingInvalidUserCredentials -->
        <test-method is-config="true" signature="browserQuit(org.testng.ITestResult)[pri:0, instance:testscripts.LoginTest@17503f6b]" started-at="2025-07-09T20:26:09 IST" name="browserQuit" finished-at="2025-07-09T20:26:09 IST" duration-ms="169" status="PASS">
          <params>
            <param index="0">
              <value>
                <![CDATA[[TestResult name=verifyTheUserIsAbleToLoginUsingInvalidUserCredentials status=SUCCESS method=LoginTest.verifyTheUserIsAbleToLoginUsingInvalidUserCredentials()[pri:0, instance:testscripts.LoginTest@17503f6b] output={null}]]]>
              </value>
            </param>
          </params>
          <reporter-output>
          </reporter-output>
        </test-method> <!-- browserQuit -->
        <test-method is-config="true" signature="browserInitialization(java.lang.String)[pri:0, instance:testscripts.LoginTest@17503f6b]" started-at="2025-07-09T20:26:09 IST" name="browserInitialization" finished-at="2025-07-09T20:26:11 IST" duration-ms="1811" status="PASS">
          <params>
            <param index="0">
              <value>
                <![CDATA[chrome]]>
              </value>
            </param>
          </params>
          <reporter-output>
          </reporter-output>
        </test-method> <!-- browserInitialization -->
        <test-method signature="verifyTheUserIsAbleToLoginUsingValidCredentials()[pri:0, instance:testscripts.LoginTest@17503f6b]" started-at="2025-07-09T20:26:11 IST" name="verifyTheUserIsAbleToLoginUsingValidCredentials" description="verifyTheUserIsAbletoLoginUsingValidCredentials" finished-at="2025-07-09T20:26:12 IST" duration-ms="600" status="PASS">
          <reporter-output>
          </reporter-output>
        </test-method> <!-- verifyTheUserIsAbleToLoginUsingValidCredentials -->
        <test-method is-config="true" signature="browserQuit(org.testng.ITestResult)[pri:0, instance:testscripts.LoginTest@17503f6b]" started-at="2025-07-09T20:26:12 IST" name="browserQuit" finished-at="2025-07-09T20:26:12 IST" duration-ms="154" status="PASS">
          <params>
            <param index="0">
              <value>
                <![CDATA[[TestResult name=verifyTheUserIsAbleToLoginUsingValidCredentials status=SUCCESS method=LoginTest.verifyTheUserIsAbleToLoginUsingValidCredentials()[pri:0, instance:testscripts.LoginTest@17503f6b] output={null}]]]>
              </value>
            </param>
          </params>
          <reporter-output>
          </reporter-output>
        </test-method> <!-- browserQuit -->
      </class> <!-- testscripts.LoginTest -->
      <class name="testscripts.HomeTest">
        <test-method is-config="true" signature="browserInitialization(java.lang.String)[pri:0, instance:testscripts.HomeTest@2235eaab]" started-at="2025-07-09T20:25:54 IST" name="browserInitialization" finished-at="2025-07-09T20:25:56 IST" duration-ms="1895" status="PASS">
          <params>
            <param index="0">
              <value>
                <![CDATA[chrome]]>
              </value>
            </param>
          </params>
          <reporter-output>
          </reporter-output>
        </test-method> <!-- browserInitialization -->
        <test-method signature="clickOnLogOutButton()[pri:0, instance:testscripts.HomeTest@2235eaab]" started-at="2025-07-09T20:25:56 IST" name="clickOnLogOutButton" finished-at="2025-07-09T20:25:57 IST" duration-ms="896" status="PASS">
          <reporter-output>
          </reporter-output>
        </test-method> <!-- clickOnLogOutButton -->
        <test-method is-config="true" signature="browserQuit(org.testng.ITestResult)[pri:0, instance:testscripts.HomeTest@2235eaab]" started-at="2025-07-09T20:25:57 IST" name="browserQuit" finished-at="2025-07-09T20:25:57 IST" duration-ms="158" status="PASS">
          <params>
            <param index="0">
              <value>
                <![CDATA[[TestResult name=clickOnLogOutButton status=SUCCESS method=HomeTest.clickOnLogOutButton()[pri:0, instance:testscripts.HomeTest@2235eaab] output={null}]]]>
              </value>
            </param>
          </params>
          <reporter-output>
          </reporter-output>
        </test-method> <!-- browserQuit -->
      </class> <!-- testscripts.HomeTest -->
      <class name="testscripts.AdminUserTest">
        <test-method is-config="true" signature="browserInitialization(java.lang.String)[pri:0, instance:testscripts.AdminUserTest@13526e59]" started-at="2025-07-09T20:25:48 IST" name="browserInitialization" finished-at="2025-07-09T20:25:50 IST" duration-ms="2217" status="PASS">
          <params>
            <param index="0">
              <value>
                <![CDATA[chrome]]>
              </value>
            </param>
          </params>
          <reporter-output>
          </reporter-output>
        </test-method> <!-- browserInitialization -->
        <test-method signature="clickOnAdminUsersTab()[pri:0, instance:testscripts.AdminUserTest@13526e59]" started-at="2025-07-09T20:25:50 IST" name="clickOnAdminUsersTab" finished-at="2025-07-09T20:25:51 IST" duration-ms="965" status="PASS">
          <reporter-output>
          </reporter-output>
        </test-method> <!-- clickOnAdminUsersTab -->
        <test-method is-config="true" signature="browserQuit(org.testng.ITestResult)[pri:0, instance:testscripts.AdminUserTest@13526e59]" started-at="2025-07-09T20:25:51 IST" name="browserQuit" finished-at="2025-07-09T20:25:51 IST" duration-ms="145" status="PASS">
          <params>
            <param index="0">
              <value>
                <![CDATA[[TestResult name=clickOnAdminUsersTab status=SUCCESS method=AdminUserTest.clickOnAdminUsersTab()[pri:0, instance:testscripts.AdminUserTest@13526e59] output={null}]]]>
              </value>
            </param>
          </params>
          <reporter-output>
          </reporter-output>
        </test-method> <!-- browserQuit -->
        <test-method is-config="true" signature="browserInitialization(java.lang.String)[pri:0, instance:testscripts.AdminUserTest@13526e59]" started-at="2025-07-09T20:25:51 IST" name="browserInitialization" finished-at="2025-07-09T20:25:53 IST" duration-ms="1674" status="PASS">
          <params>
            <param index="0">
              <value>
                <![CDATA[chrome]]>
              </value>
            </param>
          </params>
          <reporter-output>
          </reporter-output>
        </test-method> <!-- browserInitialization -->
        <test-method signature="updateExistingUserDetails()[pri:0, instance:testscripts.AdminUserTest@13526e59]" started-at="2025-07-09T20:25:53 IST" name="updateExistingUserDetails" finished-at="2025-07-09T20:25:54 IST" duration-ms="1200" status="PASS">
          <reporter-output>
          </reporter-output>
        </test-method> <!-- updateExistingUserDetails -->
        <test-method is-config="true" signature="browserQuit(org.testng.ITestResult)[pri:0, instance:testscripts.AdminUserTest@13526e59]" started-at="2025-07-09T20:25:54 IST" name="browserQuit" finished-at="2025-07-09T20:25:54 IST" duration-ms="152" status="PASS">
          <params>
            <param index="0">
              <value>
                <![CDATA[[TestResult name=updateExistingUserDetails status=SUCCESS method=AdminUserTest.updateExistingUserDetails()[pri:0, instance:testscripts.AdminUserTest@13526e59] output={null}]]]>
              </value>
            </param>
          </params>
          <reporter-output>
          </reporter-output>
        </test-method> <!-- browserQuit -->
      </class> <!-- testscripts.AdminUserTest -->
    </test> <!-- Test -->
  </suite> <!-- Suite -->
</testng-results>
