<?xml version="1.0" encoding="UTF-8"?>
<!-- Generated by org.testng.reporters.JUnitXMLReporter -->
<testsuite ignored="0" hostname="HP_MAROOR" failures="0" tests="13" name="Test" time="118.081" errors="0" timestamp="2025-06-26T21:02:06 IST">
  <testcase classname="testscripts.ManageCategoryTest" name="addNewCategoryInManageCategoryPage" time="8.826"/>
  <testcase classname="testscripts.ManageNewsTest" name="clickOnEditInManageNews" time="5.903"/>
  <testcase classname="testscripts.ManageNewsTest" name="clickOnMoreInfoInManageNews" time="3.274"/>
  <testcase classname="testscripts.LogOutTest" name="clickOnLogOutButton" time="1.911"/>
  <testcase classname="testscripts.ManageContactTest" name="ClickOnManageContactTab" time="4.096"/>
  <testcase classname="testscripts.ManageContactTest" name="VerifyUpdateButtonIsPresent" time="2.27"/>
  <testcase classname="testscripts.FooterTest" name="clickAndUpdateOnFooterTab" time="3.054"/>
  <testcase classname="testscripts.AdminUserTest" name="clickOnAdminUsersTab" time="3.518"/>
  <testcase classname="testscripts.AdminUserTest" name="updateExistingUserDetails" time="4.663"/>
  <testcase classname="testscripts.LoginTest" name="verifyTheUserIsAbleToLoginUsingInvalidPassCredentials" time="0.857"/>
  <testcase classname="testscripts.LoginTest" name="verifyTheUserIsAbleToLoginUsingInvalidUserAndPassCredentials" time="0.924"/>
  <testcase classname="testscripts.LoginTest" name="verifyTheUserIsAbleToLoginUsingInvalidUserCredentials" time="0.668"/>
  <testcase classname="testscripts.LoginTest" name="verifyTheUserIsAbleToLoginUsingValidCredentials" time="1.576"/>
</testsuite> <!-- Test -->
