<?xml version="1.0" encoding="UTF-8"?>
<!-- Generated by org.testng.reporters.JUnitXMLReporter -->
<testsuite ignored="0" hostname="HP_MAROOR" failures="0" tests="13" name="Test" time="57.323" errors="0" timestamp="2025-07-02T19:10:14 IST">
  <testcase classname="testscripts.ManageCategoryTest" name="addNewCategoryInManageCategoryPage" time="5.857"/>
  <testcase classname="testscripts.ManageNewsTest" name="clickOnEditInManageNews" time="2.554"/>
  <testcase classname="testscripts.ManageNewsTest" name="clickOnMoreInfoInManageNews" time="2.006"/>
  <testcase classname="testscripts.LogOutTest" name="clickOnLogOutButton" time="1.258"/>
  <testcase classname="testscripts.ManageContactTest" name="ClickOnManageContactTab" time="2.494"/>
  <testcase classname="testscripts.ManageContactTest" name="VerifyUpdateButtonIsPresent" time="1.199"/>
  <testcase classname="testscripts.FooterTest" name="clickAndUpdateOnFooterTab" time="1.731"/>
  <testcase classname="testscripts.AdminUserTest" name="clickOnAdminUsersTab" time="1.699"/>
  <testcase classname="testscripts.AdminUserTest" name="updateExistingUserDetails" time="1.752"/>
  <testcase classname="testscripts.LoginTest" name="verifyTheUserIsAbleToLoginUsingInvalidPassCredentials" time="0.725"/>
  <testcase classname="testscripts.LoginTest" name="verifyTheUserIsAbleToLoginUsingInvalidUserAndPassCredentials" time="0.492"/>
  <testcase classname="testscripts.LoginTest" name="verifyTheUserIsAbleToLoginUsingInvalidUserCredentials" time="0.624"/>
  <testcase classname="testscripts.LoginTest" name="verifyTheUserIsAbleToLoginUsingValidCredentials" time="0.677"/>
</testsuite> <!-- Test -->
