<?xml version="1.0" encoding="UTF-8"?>
<!-- Generated by org.testng.reporters.JUnitXMLReporter -->
<testsuite ignored="0" hostname="HP_MAROOR" failures="0" tests="13" name="Test" time="125.799" errors="0" timestamp="2025-06-26T20:54:46 IST">
  <testcase classname="testscripts.ManageCategoryTest" name="addNewCategoryInManageCategoryPage" time="17.113"/>
  <testcase classname="testscripts.ManageNewsTest" name="clickOnEditInManageNews" time="4.387"/>
  <testcase classname="testscripts.ManageNewsTest" name="clickOnMoreInfoInManageNews" time="3.219"/>
  <testcase classname="testscripts.LogOutTest" name="clickOnLogOutButton" time="2.238"/>
  <testcase classname="testscripts.ManageContactTest" name="ClickOnManageContactTab" time="3.837"/>
  <testcase classname="testscripts.ManageContactTest" name="VerifyUpdateButtonIsPresent" time="1.683"/>
  <testcase classname="testscripts.FooterTest" name="clickAndUpdateOnFooterTab" time="3.05"/>
  <testcase classname="testscripts.AdminUserTest" name="clickOnAdminUsersTab" time="1.65"/>
  <testcase classname="testscripts.AdminUserTest" name="updateExistingUserDetails" time="2.895"/>
  <testcase classname="testscripts.LoginTest" name="verifyTheUserIsAbleToLoginUsingInvalidPassCredentials" time="0.437"/>
  <testcase classname="testscripts.LoginTest" name="verifyTheUserIsAbleToLoginUsingInvalidUserAndPassCredentials" time="0.417"/>
  <testcase classname="testscripts.LoginTest" name="verifyTheUserIsAbleToLoginUsingInvalidUserCredentials" time="0.394"/>
  <testcase classname="testscripts.LoginTest" name="verifyTheUserIsAbleToLoginUsingValidCredentials" time="2.168"/>
</testsuite> <!-- Test -->
