<?xml version="1.0" encoding="UTF-8"?>
<!-- Generated by org.testng.reporters.JUnitXMLReporter -->
<testsuite ignored="0" hostname="HP_MAROOR" failures="0" tests="15" name="Test" time="53.194" errors="0" timestamp="2025-07-09T20:26:12 IST">
  <testcase classname="testscripts.ManageCategoryTest" name="addNewCategoryInManageCategoryPage" time="3.649"/>
  <testcase classname="testscripts.ManageNewsTest" name="clickOnEditInManageNews" time="1.549"/>
  <testcase classname="testscripts.ManageNewsTest" name="clickOnMoreInfoInManageNews" time="1.385"/>
  <testcase classname="testscripts.ManageContactTest" name="ClickOnManageContactTab" time="1.963"/>
  <testcase classname="testscripts.ManageContactTest" name="VerifyUpdateButtonIsPresent" time="0.864"/>
  <testcase classname="testscripts.FooterTest" name="clickAndUpdateOnFooterTab" time="1.317"/>
  <testcase classname="testscripts.AdminUserTest" name="clickOnAdminUsersTab" time="0.965"/>
  <testcase classname="testscripts.AdminUserTest" name="updateExistingUserDetails" time="1.2"/>
  <testcase classname="testscripts.HomeTest" name="clickOnLogOutButton" time="0.896"/>
  <testcase classname="testscripts.LoginTest" name="verifyTheUserIsAbleToLoginUsingInvalidPassCredentials" time="0.346"/>
  <testcase classname="testscripts.LoginTest" name="verifyTheUserIsAbleToLoginUsingInvalidUserAndPassCredentials" time="0.332"/>
  <testcase classname="testscripts.LoginTest" name="verifyTheUserIsAbleToLoginUsingInvalidUserAndPassCredentials" time="0.344"/>
  <testcase classname="testscripts.LoginTest" name="verifyTheUserIsAbleToLoginUsingInvalidUserAndPassCredentials" time="0.353"/>
  <testcase classname="testscripts.LoginTest" name="verifyTheUserIsAbleToLoginUsingInvalidUserCredentials" time="0.4"/>
  <testcase classname="testscripts.LoginTest" name="verifyTheUserIsAbleToLoginUsingValidCredentials" time="0.6"/>
</testsuite> <!-- Test -->
