<?xml version="1.0" encoding="UTF-8"?>
<testsuite xmlns:xsi="http://www.w3.org/2001/XMLSchema-instance" xsi:noNamespaceSchemaLocation="https://maven.apache.org/surefire/maven-surefire-plugin/xsd/surefire-test-report.xsd" name="TestSuite" time="121.001" tests="13" errors="0" skipped="0" failures="0">
  <properties>
[...]
</properties>
  <testcase name="addNewCategoryInManageCategoryPage" classname="testscripts.ManageCategoryTest" time="8.838"/>
  <testcase name="clickOnEditInManageNews" classname="testscripts.ManageNewsTest" time="5.902"/>
  <testcase name="clickOnMoreInfoInManageNews" classname="testscripts.ManageNewsTest" time="3.275"/>
  <testcase name="clickOnLogOutButton" classname="testscripts.LogOutTest" time="1.911"/>
  <testcase name="ClickOnManageContactTab" classname="testscripts.ManageContactTest" time="4.097"/>
  <testcase name="VerifyUpdateButtonIsPresent" classname="testscripts.ManageContactTest" time="2.271"/>
  <testcase name="clickAndUpdateOnFooterTab" classname="testscripts.FooterTest" time="3.053"/>
  <testcase name="clickOnAdminUsersTab" classname="testscripts.AdminUserTest" time="3.519"/>
  <testcase name="updateExistingUserDetails" classname="testscripts.AdminUserTest" time="4.649"/>
  <testcase name="verifyTheUserIsAbleToLoginUsingInvalidPassCredentials" classname="testscripts.LoginTest" time="0.855"/>
  <testcase name="verifyTheUserIsAbleToLoginUsingInvalidUserAndPassCredentials" classname="testscripts.LoginTest" time="0.923"/>
  <testcase name="verifyTheUserIsAbleToLoginUsingInvalidUserCredentials" classname="testscripts.LoginTest" time="0.668"/>
  <testcase name="verifyTheUserIsAbleToLoginUsingValidCredentials" classname="testscripts.LoginTest" time="1.58"/>
</testsuite>