<?xml version="1.0" encoding="UTF-8"?>
<testng-results ignored="0" total="13" passed="13" failed="0" skipped="0">
  <reporter-output>
  </reporter-output>
  <suite started-at="2025-06-26T21:00:07 IST" name="Suite" finished-at="2025-06-26T21:02:05 IST" duration-ms="118081">
    <groups>
      <group name="Regression">
        <method signature="LoginTest.verifyTheUserIsAbleToLoginUsingValidCredentials()[pri:0, instance:testscripts.LoginTest@506ae4d4]" name="verifyTheUserIsAbleToLoginUsingValidCredentials" class="testscripts.LoginTest"/>
      </group> <!-- Regression -->
    </groups>
    <test started-at="2025-06-26T21:00:07 IST" name="Test" finished-at="2025-06-26T21:02:05 IST" duration-ms="118081">
      <class name="testscripts.ManageCategoryTest">
        <test-method is-config="true" signature="browserInitialization(java.lang.String)[pri:0, instance:testscripts.ManageCategoryTest@1de5f259]" started-at="2025-06-26T21:00:07 IST" name="browserInitialization" finished-at="2025-06-26T21:00:13 IST" duration-ms="6793" status="PASS">
          <params>
            <param index="0">
              <value>
                <![CDATA[chrome]]>
              </value>
            </param>
          </params>
          <reporter-output>
          </reporter-output>
        </test-method> <!-- browserInitialization -->
        <test-method signature="addNewCategoryInManageCategoryPage()[pri:0, instance:testscripts.ManageCategoryTest@1de5f259]" started-at="2025-06-26T21:00:13 IST" name="addNewCategoryInManageCategoryPage" finished-at="2025-06-26T21:00:22 IST" duration-ms="8826" status="PASS">
          <reporter-output>
          </reporter-output>
        </test-method> <!-- addNewCategoryInManageCategoryPage -->
        <test-method is-config="true" signature="browserQuit(org.testng.ITestResult)[pri:0, instance:testscripts.ManageCategoryTest@1de5f259]" started-at="2025-06-26T21:00:22 IST" name="browserQuit" finished-at="2025-06-26T21:00:23 IST" duration-ms="370" status="PASS">
          <params>
            <param index="0">
              <value>
                <![CDATA[[TestResult name=addNewCategoryInManageCategoryPage status=SUCCESS method=ManageCategoryTest.addNewCategoryInManageCategoryPage()[pri:0, instance:testscripts.ManageCategoryTest@1de5f259] output={null}]]]>
              </value>
            </param>
          </params>
          <reporter-output>
          </reporter-output>
        </test-method> <!-- browserQuit -->
      </class> <!-- testscripts.ManageCategoryTest -->
      <class name="testscripts.ManageNewsTest">
        <test-method is-config="true" signature="browserInitialization(java.lang.String)[pri:0, instance:testscripts.ManageNewsTest@4efac082]" started-at="2025-06-26T21:00:23 IST" name="browserInitialization" finished-at="2025-06-26T21:00:30 IST" duration-ms="7252" status="PASS">
          <params>
            <param index="0">
              <value>
                <![CDATA[chrome]]>
              </value>
            </param>
          </params>
          <reporter-output>
          </reporter-output>
        </test-method> <!-- browserInitialization -->
        <test-method signature="clickOnEditInManageNews()[pri:0, instance:testscripts.ManageNewsTest@4efac082]" started-at="2025-06-26T21:00:30 IST" name="clickOnEditInManageNews" finished-at="2025-06-26T21:00:36 IST" duration-ms="5903" status="PASS">
          <reporter-output>
          </reporter-output>
        </test-method> <!-- clickOnEditInManageNews -->
        <test-method is-config="true" signature="browserQuit(org.testng.ITestResult)[pri:0, instance:testscripts.ManageNewsTest@4efac082]" started-at="2025-06-26T21:00:36 IST" name="browserQuit" finished-at="2025-06-26T21:00:36 IST" duration-ms="389" status="PASS">
          <params>
            <param index="0">
              <value>
                <![CDATA[[TestResult name=clickOnEditInManageNews status=SUCCESS method=ManageNewsTest.clickOnEditInManageNews()[pri:0, instance:testscripts.ManageNewsTest@4efac082] output={null}]]]>
              </value>
            </param>
          </params>
          <reporter-output>
          </reporter-output>
        </test-method> <!-- browserQuit -->
        <test-method is-config="true" signature="browserInitialization(java.lang.String)[pri:0, instance:testscripts.ManageNewsTest@4efac082]" started-at="2025-06-26T21:00:36 IST" name="browserInitialization" finished-at="2025-06-26T21:00:41 IST" duration-ms="4789" status="PASS">
          <params>
            <param index="0">
              <value>
                <![CDATA[chrome]]>
              </value>
            </param>
          </params>
          <reporter-output>
          </reporter-output>
        </test-method> <!-- browserInitialization -->
        <test-method signature="clickOnMoreInfoInManageNews()[pri:0, instance:testscripts.ManageNewsTest@4efac082]" started-at="2025-06-26T21:00:41 IST" name="clickOnMoreInfoInManageNews" finished-at="2025-06-26T21:00:44 IST" duration-ms="3274" status="PASS">
          <reporter-output>
          </reporter-output>
        </test-method> <!-- clickOnMoreInfoInManageNews -->
        <test-method is-config="true" signature="browserQuit(org.testng.ITestResult)[pri:0, instance:testscripts.ManageNewsTest@4efac082]" started-at="2025-06-26T21:00:44 IST" name="browserQuit" finished-at="2025-06-26T21:00:44 IST" duration-ms="201" status="PASS">
          <params>
            <param index="0">
              <value>
                <![CDATA[[TestResult name=clickOnMoreInfoInManageNews status=SUCCESS method=ManageNewsTest.clickOnMoreInfoInManageNews()[pri:0, instance:testscripts.ManageNewsTest@4efac082] output={null}]]]>
              </value>
            </param>
          </params>
          <reporter-output>
          </reporter-output>
        </test-method> <!-- browserQuit -->
      </class> <!-- testscripts.ManageNewsTest -->
      <class name="testscripts.FooterTest">
        <test-method is-config="true" signature="browserInitialization(java.lang.String)[pri:0, instance:testscripts.FooterTest@13fd2ccd]" started-at="2025-06-26T21:01:06 IST" name="browserInitialization" finished-at="2025-06-26T21:01:11 IST" duration-ms="5104" status="PASS">
          <params>
            <param index="0">
              <value>
                <![CDATA[chrome]]>
              </value>
            </param>
          </params>
          <reporter-output>
          </reporter-output>
        </test-method> <!-- browserInitialization -->
        <test-method signature="clickAndUpdateOnFooterTab()[pri:0, instance:testscripts.FooterTest@13fd2ccd]" started-at="2025-06-26T21:01:11 IST" name="clickAndUpdateOnFooterTab" finished-at="2025-06-26T21:01:14 IST" duration-ms="3054" status="PASS">
          <reporter-output>
          </reporter-output>
        </test-method> <!-- clickAndUpdateOnFooterTab -->
        <test-method is-config="true" signature="browserQuit(org.testng.ITestResult)[pri:0, instance:testscripts.FooterTest@13fd2ccd]" started-at="2025-06-26T21:01:14 IST" name="browserQuit" finished-at="2025-06-26T21:01:15 IST" duration-ms="154" status="PASS">
          <params>
            <param index="0">
              <value>
                <![CDATA[[TestResult name=clickAndUpdateOnFooterTab status=SUCCESS method=FooterTest.clickAndUpdateOnFooterTab()[pri:0, instance:testscripts.FooterTest@13fd2ccd] output={null}]]]>
              </value>
            </param>
          </params>
          <reporter-output>
          </reporter-output>
        </test-method> <!-- browserQuit -->
      </class> <!-- testscripts.FooterTest -->
      <class name="testscripts.LogOutTest">
        <test-method is-config="true" signature="browserInitialization(java.lang.String)[pri:0, instance:testscripts.LogOutTest@6bd61f98]" started-at="2025-06-26T21:00:44 IST" name="browserInitialization" finished-at="2025-06-26T21:00:48 IST" duration-ms="3201" status="PASS">
          <params>
            <param index="0">
              <value>
                <![CDATA[chrome]]>
              </value>
            </param>
          </params>
          <reporter-output>
          </reporter-output>
        </test-method> <!-- browserInitialization -->
        <test-method signature="clickOnLogOutButton()[pri:0, instance:testscripts.LogOutTest@6bd61f98]" started-at="2025-06-26T21:00:48 IST" name="clickOnLogOutButton" finished-at="2025-06-26T21:00:50 IST" duration-ms="1911" status="PASS">
          <reporter-output>
          </reporter-output>
        </test-method> <!-- clickOnLogOutButton -->
        <test-method is-config="true" signature="browserQuit(org.testng.ITestResult)[pri:0, instance:testscripts.LogOutTest@6bd61f98]" started-at="2025-06-26T21:00:50 IST" name="browserQuit" finished-at="2025-06-26T21:00:50 IST" duration-ms="200" status="PASS">
          <params>
            <param index="0">
              <value>
                <![CDATA[[TestResult name=clickOnLogOutButton status=SUCCESS method=LogOutTest.clickOnLogOutButton()[pri:0, instance:testscripts.LogOutTest@6bd61f98] output={null}]]]>
              </value>
            </param>
          </params>
          <reporter-output>
          </reporter-output>
        </test-method> <!-- browserQuit -->
      </class> <!-- testscripts.LogOutTest -->
      <class name="testscripts.ManageContactTest">
        <test-method is-config="true" signature="browserInitialization(java.lang.String)[pri:0, instance:testscripts.ManageContactTest@48aca48b]" started-at="2025-06-26T21:00:50 IST" name="browserInitialization" finished-at="2025-06-26T21:00:54 IST" duration-ms="4696" status="PASS">
          <params>
            <param index="0">
              <value>
                <![CDATA[chrome]]>
              </value>
            </param>
          </params>
          <reporter-output>
          </reporter-output>
        </test-method> <!-- browserInitialization -->
        <test-method signature="ClickOnManageContactTab()[pri:0, instance:testscripts.ManageContactTest@48aca48b]" started-at="2025-06-26T21:00:54 IST" name="ClickOnManageContactTab" finished-at="2025-06-26T21:00:58 IST" duration-ms="4096" status="PASS">
          <reporter-output>
          </reporter-output>
        </test-method> <!-- ClickOnManageContactTab -->
        <test-method is-config="true" signature="browserQuit(org.testng.ITestResult)[pri:0, instance:testscripts.ManageContactTest@48aca48b]" started-at="2025-06-26T21:00:59 IST" name="browserQuit" finished-at="2025-06-26T21:00:59 IST" duration-ms="204" status="PASS">
          <params>
            <param index="0">
              <value>
                <![CDATA[[TestResult name=ClickOnManageContactTab status=SUCCESS method=ManageContactTest.ClickOnManageContactTab()[pri:0, instance:testscripts.ManageContactTest@48aca48b] output={null}]]]>
              </value>
            </param>
          </params>
          <reporter-output>
          </reporter-output>
        </test-method> <!-- browserQuit -->
        <test-method is-config="true" signature="browserInitialization(java.lang.String)[pri:0, instance:testscripts.ManageContactTest@48aca48b]" started-at="2025-06-26T21:00:59 IST" name="browserInitialization" finished-at="2025-06-26T21:01:04 IST" duration-ms="5118" status="PASS">
          <params>
            <param index="0">
              <value>
                <![CDATA[chrome]]>
              </value>
            </param>
          </params>
          <reporter-output>
          </reporter-output>
        </test-method> <!-- browserInitialization -->
        <test-method signature="VerifyUpdateButtonIsPresent()[pri:0, instance:testscripts.ManageContactTest@48aca48b]" started-at="2025-06-26T21:01:04 IST" name="VerifyUpdateButtonIsPresent" finished-at="2025-06-26T21:01:06 IST" duration-ms="2270" status="PASS">
          <reporter-output>
          </reporter-output>
        </test-method> <!-- VerifyUpdateButtonIsPresent -->
        <test-method is-config="true" signature="browserQuit(org.testng.ITestResult)[pri:0, instance:testscripts.ManageContactTest@48aca48b]" started-at="2025-06-26T21:01:06 IST" name="browserQuit" finished-at="2025-06-26T21:01:06 IST" duration-ms="217" status="PASS">
          <params>
            <param index="0">
              <value>
                <![CDATA[[TestResult name=VerifyUpdateButtonIsPresent status=SUCCESS method=ManageContactTest.VerifyUpdateButtonIsPresent()[pri:0, instance:testscripts.ManageContactTest@48aca48b] output={null}]]]>
              </value>
            </param>
          </params>
          <reporter-output>
          </reporter-output>
        </test-method> <!-- browserQuit -->
      </class> <!-- testscripts.ManageContactTest -->
      <class name="testscripts.LoginTest">
        <test-method is-config="true" signature="browserInitialization(java.lang.String)[pri:0, instance:testscripts.LoginTest@506ae4d4]" started-at="2025-06-26T21:01:39 IST" name="browserInitialization" finished-at="2025-06-26T21:01:44 IST" duration-ms="5401" status="PASS">
          <params>
            <param index="0">
              <value>
                <![CDATA[chrome]]>
              </value>
            </param>
          </params>
          <reporter-output>
          </reporter-output>
        </test-method> <!-- browserInitialization -->
        <test-method signature="verifyTheUserIsAbleToLoginUsingInvalidPassCredentials()[pri:0, instance:testscripts.LoginTest@506ae4d4]" started-at="2025-06-26T21:01:44 IST" name="verifyTheUserIsAbleToLoginUsingInvalidPassCredentials" finished-at="2025-06-26T21:01:45 IST" duration-ms="857" status="PASS">
          <reporter-output>
          </reporter-output>
        </test-method> <!-- verifyTheUserIsAbleToLoginUsingInvalidPassCredentials -->
        <test-method is-config="true" signature="browserQuit(org.testng.ITestResult)[pri:0, instance:testscripts.LoginTest@506ae4d4]" started-at="2025-06-26T21:01:45 IST" name="browserQuit" finished-at="2025-06-26T21:01:46 IST" duration-ms="386" status="PASS">
          <params>
            <param index="0">
              <value>
                <![CDATA[[TestResult name=verifyTheUserIsAbleToLoginUsingInvalidPassCredentials status=SUCCESS method=LoginTest.verifyTheUserIsAbleToLoginUsingInvalidPassCredentials()[pri:0, instance:testscripts.LoginTest@506ae4d4] output={null}]]]>
              </value>
            </param>
          </params>
          <reporter-output>
          </reporter-output>
        </test-method> <!-- browserQuit -->
        <test-method is-config="true" signature="browserInitialization(java.lang.String)[pri:0, instance:testscripts.LoginTest@506ae4d4]" started-at="2025-06-26T21:01:46 IST" name="browserInitialization" finished-at="2025-06-26T21:01:51 IST" duration-ms="5010" status="PASS">
          <params>
            <param index="0">
              <value>
                <![CDATA[chrome]]>
              </value>
            </param>
          </params>
          <reporter-output>
          </reporter-output>
        </test-method> <!-- browserInitialization -->
        <test-method signature="verifyTheUserIsAbleToLoginUsingInvalidUserAndPassCredentials()[pri:0, instance:testscripts.LoginTest@506ae4d4]" started-at="2025-06-26T21:01:51 IST" name="verifyTheUserIsAbleToLoginUsingInvalidUserAndPassCredentials" finished-at="2025-06-26T21:01:52 IST" duration-ms="924" status="PASS">
          <reporter-output>
          </reporter-output>
        </test-method> <!-- verifyTheUserIsAbleToLoginUsingInvalidUserAndPassCredentials -->
        <test-method is-config="true" signature="browserQuit(org.testng.ITestResult)[pri:0, instance:testscripts.LoginTest@506ae4d4]" started-at="2025-06-26T21:01:52 IST" name="browserQuit" finished-at="2025-06-26T21:01:52 IST" duration-ms="619" status="PASS">
          <params>
            <param index="0">
              <value>
                <![CDATA[[TestResult name=verifyTheUserIsAbleToLoginUsingInvalidUserAndPassCredentials status=SUCCESS method=LoginTest.verifyTheUserIsAbleToLoginUsingInvalidUserAndPassCredentials()[pri:0, instance:testscripts.LoginTest@506ae4d4] output={null}]]]>
              </value>
            </param>
          </params>
          <reporter-output>
          </reporter-output>
        </test-method> <!-- browserQuit -->
        <test-method is-config="true" signature="browserInitialization(java.lang.String)[pri:0, instance:testscripts.LoginTest@506ae4d4]" started-at="2025-06-26T21:01:52 IST" name="browserInitialization" finished-at="2025-06-26T21:01:58 IST" duration-ms="5729" status="PASS">
          <params>
            <param index="0">
              <value>
                <![CDATA[chrome]]>
              </value>
            </param>
          </params>
          <reporter-output>
          </reporter-output>
        </test-method> <!-- browserInitialization -->
        <test-method signature="verifyTheUserIsAbleToLoginUsingInvalidUserCredentials()[pri:0, instance:testscripts.LoginTest@506ae4d4]" started-at="2025-06-26T21:01:58 IST" name="verifyTheUserIsAbleToLoginUsingInvalidUserCredentials" finished-at="2025-06-26T21:01:59 IST" duration-ms="668" status="PASS">
          <reporter-output>
          </reporter-output>
        </test-method> <!-- verifyTheUserIsAbleToLoginUsingInvalidUserCredentials -->
        <test-method is-config="true" signature="browserQuit(org.testng.ITestResult)[pri:0, instance:testscripts.LoginTest@506ae4d4]" started-at="2025-06-26T21:01:59 IST" name="browserQuit" finished-at="2025-06-26T21:01:59 IST" duration-ms="300" status="PASS">
          <params>
            <param index="0">
              <value>
                <![CDATA[[TestResult name=verifyTheUserIsAbleToLoginUsingInvalidUserCredentials status=SUCCESS method=LoginTest.verifyTheUserIsAbleToLoginUsingInvalidUserCredentials()[pri:0, instance:testscripts.LoginTest@506ae4d4] output={null}]]]>
              </value>
            </param>
          </params>
          <reporter-output>
          </reporter-output>
        </test-method> <!-- browserQuit -->
        <test-method is-config="true" signature="browserInitialization(java.lang.String)[pri:0, instance:testscripts.LoginTest@506ae4d4]" started-at="2025-06-26T21:01:59 IST" name="browserInitialization" finished-at="2025-06-26T21:02:02 IST" duration-ms="3620" status="PASS">
          <params>
            <param index="0">
              <value>
                <![CDATA[chrome]]>
              </value>
            </param>
          </params>
          <reporter-output>
          </reporter-output>
        </test-method> <!-- browserInitialization -->
        <test-method signature="verifyTheUserIsAbleToLoginUsingValidCredentials()[pri:0, instance:testscripts.LoginTest@506ae4d4]" started-at="2025-06-26T21:02:02 IST" name="verifyTheUserIsAbleToLoginUsingValidCredentials" finished-at="2025-06-26T21:02:04 IST" duration-ms="1576" status="PASS">
          <reporter-output>
          </reporter-output>
        </test-method> <!-- verifyTheUserIsAbleToLoginUsingValidCredentials -->
        <test-method is-config="true" signature="browserQuit(org.testng.ITestResult)[pri:0, instance:testscripts.LoginTest@506ae4d4]" started-at="2025-06-26T21:02:04 IST" name="browserQuit" finished-at="2025-06-26T21:02:05 IST" duration-ms="517" status="PASS">
          <params>
            <param index="0">
              <value>
                <![CDATA[[TestResult name=verifyTheUserIsAbleToLoginUsingValidCredentials status=SUCCESS method=LoginTest.verifyTheUserIsAbleToLoginUsingValidCredentials()[pri:0, instance:testscripts.LoginTest@506ae4d4] output={null}]]]>
              </value>
            </param>
          </params>
          <reporter-output>
          </reporter-output>
        </test-method> <!-- browserQuit -->
      </class> <!-- testscripts.LoginTest -->
      <class name="testscripts.AdminUserTest">
        <test-method is-config="true" signature="browserInitialization(java.lang.String)[pri:0, instance:testscripts.AdminUserTest@b9b00e0]" started-at="2025-06-26T21:01:15 IST" name="browserInitialization" finished-at="2025-06-26T21:01:23 IST" duration-ms="8579" status="PASS">
          <params>
            <param index="0">
              <value>
                <![CDATA[chrome]]>
              </value>
            </param>
          </params>
          <reporter-output>
          </reporter-output>
        </test-method> <!-- browserInitialization -->
        <test-method signature="clickOnAdminUsersTab()[pri:0, instance:testscripts.AdminUserTest@b9b00e0]" started-at="2025-06-26T21:01:23 IST" name="clickOnAdminUsersTab" finished-at="2025-06-26T21:01:27 IST" duration-ms="3518" status="PASS">
          <reporter-output>
          </reporter-output>
        </test-method> <!-- clickOnAdminUsersTab -->
        <test-method is-config="true" signature="browserQuit(org.testng.ITestResult)[pri:0, instance:testscripts.AdminUserTest@b9b00e0]" started-at="2025-06-26T21:01:27 IST" name="browserQuit" finished-at="2025-06-26T21:01:27 IST" duration-ms="384" status="PASS">
          <params>
            <param index="0">
              <value>
                <![CDATA[[TestResult name=clickOnAdminUsersTab status=SUCCESS method=AdminUserTest.clickOnAdminUsersTab()[pri:0, instance:testscripts.AdminUserTest@b9b00e0] output={null}]]]>
              </value>
            </param>
          </params>
          <reporter-output>
          </reporter-output>
        </test-method> <!-- browserQuit -->
        <test-method is-config="true" signature="browserInitialization(java.lang.String)[pri:0, instance:testscripts.AdminUserTest@b9b00e0]" started-at="2025-06-26T21:01:27 IST" name="browserInitialization" finished-at="2025-06-26T21:01:34 IST" duration-ms="6535" status="PASS">
          <params>
            <param index="0">
              <value>
                <![CDATA[chrome]]>
              </value>
            </param>
          </params>
          <reporter-output>
          </reporter-output>
        </test-method> <!-- browserInitialization -->
        <test-method signature="updateExistingUserDetails()[pri:0, instance:testscripts.AdminUserTest@b9b00e0]" started-at="2025-06-26T21:01:34 IST" name="updateExistingUserDetails" finished-at="2025-06-26T21:01:38 IST" duration-ms="4663" status="PASS">
          <reporter-output>
          </reporter-output>
        </test-method> <!-- updateExistingUserDetails -->
        <test-method is-config="true" signature="browserQuit(org.testng.ITestResult)[pri:0, instance:testscripts.AdminUserTest@b9b00e0]" started-at="2025-06-26T21:01:38 IST" name="browserQuit" finished-at="2025-06-26T21:01:39 IST" duration-ms="620" status="PASS">
          <params>
            <param index="0">
              <value>
                <![CDATA[[TestResult name=updateExistingUserDetails status=SUCCESS method=AdminUserTest.updateExistingUserDetails()[pri:0, instance:testscripts.AdminUserTest@b9b00e0] output={null}]]]>
              </value>
            </param>
          </params>
          <reporter-output>
          </reporter-output>
        </test-method> <!-- browserQuit -->
      </class> <!-- testscripts.AdminUserTest -->
    </test> <!-- Test -->
  </suite> <!-- Suite -->
</testng-results>
