<?xml version="1.0" encoding="UTF-8"?>
<testng-results ignored="0" total="13" passed="13" failed="0" skipped="0">
  <reporter-output>
  </reporter-output>
  <suite started-at="2025-07-02T19:09:16 IST" name="Suite" finished-at="2025-07-02T19:10:14 IST" duration-ms="57323">
    <groups>
      <group name="Regression">
        <method signature="LoginTest.verifyTheUserIsAbleToLoginUsingValidCredentials()[pri:0, instance:testscripts.LoginTest@506ae4d4]" name="verifyTheUserIsAbleToLoginUsingValidCredentials" class="testscripts.LoginTest"/>
      </group> <!-- Regression -->
    </groups>
    <test started-at="2025-07-02T19:09:16 IST" name="Test" finished-at="2025-07-02T19:10:14 IST" duration-ms="57323">
      <class name="testscripts.ManageCategoryTest">
        <test-method is-config="true" signature="browserInitialization(java.lang.String)[pri:0, instance:testscripts.ManageCategoryTest@1de5f259]" started-at="2025-07-02T19:09:17 IST" name="browserInitialization" finished-at="2025-07-02T19:09:25 IST" duration-ms="8547" status="PASS">
          <params>
            <param index="0">
              <value>
                <![CDATA[chrome]]>
              </value>
            </param>
          </params>
          <reporter-output>
          </reporter-output>
        </test-method> <!-- browserInitialization -->
        <test-method signature="addNewCategoryInManageCategoryPage()[pri:0, instance:testscripts.ManageCategoryTest@1de5f259]" started-at="2025-07-02T19:09:25 IST" name="addNewCategoryInManageCategoryPage" finished-at="2025-07-02T19:09:31 IST" duration-ms="5857" status="PASS">
          <reporter-output>
          </reporter-output>
        </test-method> <!-- addNewCategoryInManageCategoryPage -->
        <test-method is-config="true" signature="browserQuit(org.testng.ITestResult)[pri:0, instance:testscripts.ManageCategoryTest@1de5f259]" started-at="2025-07-02T19:09:31 IST" name="browserQuit" finished-at="2025-07-02T19:09:31 IST" duration-ms="432" status="PASS">
          <params>
            <param index="0">
              <value>
                <![CDATA[[TestResult name=addNewCategoryInManageCategoryPage status=SUCCESS method=ManageCategoryTest.addNewCategoryInManageCategoryPage()[pri:0, instance:testscripts.ManageCategoryTest@1de5f259] output={null}]]]>
              </value>
            </param>
          </params>
          <reporter-output>
          </reporter-output>
        </test-method> <!-- browserQuit -->
      </class> <!-- testscripts.ManageCategoryTest -->
      <class name="testscripts.ManageNewsTest">
        <test-method is-config="true" signature="browserInitialization(java.lang.String)[pri:0, instance:testscripts.ManageNewsTest@4efac082]" started-at="2025-07-02T19:09:31 IST" name="browserInitialization" finished-at="2025-07-02T19:09:34 IST" duration-ms="2303" status="PASS">
          <params>
            <param index="0">
              <value>
                <![CDATA[chrome]]>
              </value>
            </param>
          </params>
          <reporter-output>
          </reporter-output>
        </test-method> <!-- browserInitialization -->
        <test-method signature="clickOnEditInManageNews()[pri:0, instance:testscripts.ManageNewsTest@4efac082]" started-at="2025-07-02T19:09:34 IST" name="clickOnEditInManageNews" finished-at="2025-07-02T19:09:36 IST" duration-ms="2554" status="PASS">
          <reporter-output>
          </reporter-output>
        </test-method> <!-- clickOnEditInManageNews -->
        <test-method is-config="true" signature="browserQuit(org.testng.ITestResult)[pri:0, instance:testscripts.ManageNewsTest@4efac082]" started-at="2025-07-02T19:09:36 IST" name="browserQuit" finished-at="2025-07-02T19:09:37 IST" duration-ms="250" status="PASS">
          <params>
            <param index="0">
              <value>
                <![CDATA[[TestResult name=clickOnEditInManageNews status=SUCCESS method=ManageNewsTest.clickOnEditInManageNews()[pri:0, instance:testscripts.ManageNewsTest@4efac082] output={null}]]]>
              </value>
            </param>
          </params>
          <reporter-output>
          </reporter-output>
        </test-method> <!-- browserQuit -->
        <test-method is-config="true" signature="browserInitialization(java.lang.String)[pri:0, instance:testscripts.ManageNewsTest@4efac082]" started-at="2025-07-02T19:09:37 IST" name="browserInitialization" finished-at="2025-07-02T19:09:38 IST" duration-ms="1806" status="PASS">
          <params>
            <param index="0">
              <value>
                <![CDATA[chrome]]>
              </value>
            </param>
          </params>
          <reporter-output>
          </reporter-output>
        </test-method> <!-- browserInitialization -->
        <test-method signature="clickOnMoreInfoInManageNews()[pri:0, instance:testscripts.ManageNewsTest@4efac082]" started-at="2025-07-02T19:09:38 IST" name="clickOnMoreInfoInManageNews" finished-at="2025-07-02T19:09:40 IST" duration-ms="2006" status="PASS">
          <reporter-output>
          </reporter-output>
        </test-method> <!-- clickOnMoreInfoInManageNews -->
        <test-method is-config="true" signature="browserQuit(org.testng.ITestResult)[pri:0, instance:testscripts.ManageNewsTest@4efac082]" started-at="2025-07-02T19:09:40 IST" name="browserQuit" finished-at="2025-07-02T19:09:41 IST" duration-ms="247" status="PASS">
          <params>
            <param index="0">
              <value>
                <![CDATA[[TestResult name=clickOnMoreInfoInManageNews status=SUCCESS method=ManageNewsTest.clickOnMoreInfoInManageNews()[pri:0, instance:testscripts.ManageNewsTest@4efac082] output={null}]]]>
              </value>
            </param>
          </params>
          <reporter-output>
          </reporter-output>
        </test-method> <!-- browserQuit -->
      </class> <!-- testscripts.ManageNewsTest -->
      <class name="testscripts.FooterTest">
        <test-method is-config="true" signature="browserInitialization(java.lang.String)[pri:0, instance:testscripts.FooterTest@13fd2ccd]" started-at="2025-07-02T19:09:52 IST" name="browserInitialization" finished-at="2025-07-02T19:09:54 IST" duration-ms="1761" status="PASS">
          <params>
            <param index="0">
              <value>
                <![CDATA[chrome]]>
              </value>
            </param>
          </params>
          <reporter-output>
          </reporter-output>
        </test-method> <!-- browserInitialization -->
        <test-method signature="clickAndUpdateOnFooterTab()[pri:0, instance:testscripts.FooterTest@13fd2ccd]" started-at="2025-07-02T19:09:54 IST" name="clickAndUpdateOnFooterTab" finished-at="2025-07-02T19:09:55 IST" duration-ms="1731" status="PASS">
          <reporter-output>
          </reporter-output>
        </test-method> <!-- clickAndUpdateOnFooterTab -->
        <test-method is-config="true" signature="browserQuit(org.testng.ITestResult)[pri:0, instance:testscripts.FooterTest@13fd2ccd]" started-at="2025-07-02T19:09:55 IST" name="browserQuit" finished-at="2025-07-02T19:09:56 IST" duration-ms="213" status="PASS">
          <params>
            <param index="0">
              <value>
                <![CDATA[[TestResult name=clickAndUpdateOnFooterTab status=SUCCESS method=FooterTest.clickAndUpdateOnFooterTab()[pri:0, instance:testscripts.FooterTest@13fd2ccd] output={null}]]]>
              </value>
            </param>
          </params>
          <reporter-output>
          </reporter-output>
        </test-method> <!-- browserQuit -->
      </class> <!-- testscripts.FooterTest -->
      <class name="testscripts.LogOutTest">
        <test-method is-config="true" signature="browserInitialization(java.lang.String)[pri:0, instance:testscripts.LogOutTest@6bd61f98]" started-at="2025-07-02T19:09:41 IST" name="browserInitialization" finished-at="2025-07-02T19:09:43 IST" duration-ms="2180" status="PASS">
          <params>
            <param index="0">
              <value>
                <![CDATA[chrome]]>
              </value>
            </param>
          </params>
          <reporter-output>
          </reporter-output>
        </test-method> <!-- browserInitialization -->
        <test-method signature="clickOnLogOutButton()[pri:0, instance:testscripts.LogOutTest@6bd61f98]" started-at="2025-07-02T19:09:43 IST" name="clickOnLogOutButton" finished-at="2025-07-02T19:09:44 IST" duration-ms="1258" status="PASS">
          <reporter-output>
          </reporter-output>
        </test-method> <!-- clickOnLogOutButton -->
        <test-method is-config="true" signature="browserQuit(org.testng.ITestResult)[pri:0, instance:testscripts.LogOutTest@6bd61f98]" started-at="2025-07-02T19:09:44 IST" name="browserQuit" finished-at="2025-07-02T19:09:44 IST" duration-ms="270" status="PASS">
          <params>
            <param index="0">
              <value>
                <![CDATA[[TestResult name=clickOnLogOutButton status=SUCCESS method=LogOutTest.clickOnLogOutButton()[pri:0, instance:testscripts.LogOutTest@6bd61f98] output={null}]]]>
              </value>
            </param>
          </params>
          <reporter-output>
          </reporter-output>
        </test-method> <!-- browserQuit -->
      </class> <!-- testscripts.LogOutTest -->
      <class name="testscripts.ManageContactTest">
        <test-method is-config="true" signature="browserInitialization(java.lang.String)[pri:0, instance:testscripts.ManageContactTest@48aca48b]" started-at="2025-07-02T19:09:44 IST" name="browserInitialization" finished-at="2025-07-02T19:09:46 IST" duration-ms="1745" status="PASS">
          <params>
            <param index="0">
              <value>
                <![CDATA[chrome]]>
              </value>
            </param>
          </params>
          <reporter-output>
          </reporter-output>
        </test-method> <!-- browserInitialization -->
        <test-method signature="ClickOnManageContactTab()[pri:0, instance:testscripts.ManageContactTest@48aca48b]" started-at="2025-07-02T19:09:46 IST" name="ClickOnManageContactTab" finished-at="2025-07-02T19:09:49 IST" duration-ms="2494" status="PASS">
          <reporter-output>
          </reporter-output>
        </test-method> <!-- ClickOnManageContactTab -->
        <test-method is-config="true" signature="browserQuit(org.testng.ITestResult)[pri:0, instance:testscripts.ManageContactTest@48aca48b]" started-at="2025-07-02T19:09:49 IST" name="browserQuit" finished-at="2025-07-02T19:09:49 IST" duration-ms="237" status="PASS">
          <params>
            <param index="0">
              <value>
                <![CDATA[[TestResult name=ClickOnManageContactTab status=SUCCESS method=ManageContactTest.ClickOnManageContactTab()[pri:0, instance:testscripts.ManageContactTest@48aca48b] output={null}]]]>
              </value>
            </param>
          </params>
          <reporter-output>
          </reporter-output>
        </test-method> <!-- browserQuit -->
        <test-method is-config="true" signature="browserInitialization(java.lang.String)[pri:0, instance:testscripts.ManageContactTest@48aca48b]" started-at="2025-07-02T19:09:49 IST" name="browserInitialization" finished-at="2025-07-02T19:09:50 IST" duration-ms="1712" status="PASS">
          <params>
            <param index="0">
              <value>
                <![CDATA[chrome]]>
              </value>
            </param>
          </params>
          <reporter-output>
          </reporter-output>
        </test-method> <!-- browserInitialization -->
        <test-method signature="VerifyUpdateButtonIsPresent()[pri:0, instance:testscripts.ManageContactTest@48aca48b]" started-at="2025-07-02T19:09:50 IST" name="VerifyUpdateButtonIsPresent" finished-at="2025-07-02T19:09:52 IST" duration-ms="1199" status="PASS">
          <reporter-output>
          </reporter-output>
        </test-method> <!-- VerifyUpdateButtonIsPresent -->
        <test-method is-config="true" signature="browserQuit(org.testng.ITestResult)[pri:0, instance:testscripts.ManageContactTest@48aca48b]" started-at="2025-07-02T19:09:52 IST" name="browserQuit" finished-at="2025-07-02T19:09:52 IST" duration-ms="243" status="PASS">
          <params>
            <param index="0">
              <value>
                <![CDATA[[TestResult name=VerifyUpdateButtonIsPresent status=SUCCESS method=ManageContactTest.VerifyUpdateButtonIsPresent()[pri:0, instance:testscripts.ManageContactTest@48aca48b] output={null}]]]>
              </value>
            </param>
          </params>
          <reporter-output>
          </reporter-output>
        </test-method> <!-- browserQuit -->
      </class> <!-- testscripts.ManageContactTest -->
      <class name="testscripts.LoginTest">
        <test-method is-config="true" signature="browserInitialization(java.lang.String)[pri:0, instance:testscripts.LoginTest@506ae4d4]" started-at="2025-07-02T19:10:03 IST" name="browserInitialization" finished-at="2025-07-02T19:10:05 IST" duration-ms="1791" status="PASS">
          <params>
            <param index="0">
              <value>
                <![CDATA[chrome]]>
              </value>
            </param>
          </params>
          <reporter-output>
          </reporter-output>
        </test-method> <!-- browserInitialization -->
        <test-method signature="verifyTheUserIsAbleToLoginUsingInvalidPassCredentials()[pri:0, instance:testscripts.LoginTest@506ae4d4]" started-at="2025-07-02T19:10:05 IST" name="verifyTheUserIsAbleToLoginUsingInvalidPassCredentials" finished-at="2025-07-02T19:10:06 IST" duration-ms="725" status="PASS">
          <reporter-output>
          </reporter-output>
        </test-method> <!-- verifyTheUserIsAbleToLoginUsingInvalidPassCredentials -->
        <test-method is-config="true" signature="browserQuit(org.testng.ITestResult)[pri:0, instance:testscripts.LoginTest@506ae4d4]" started-at="2025-07-02T19:10:06 IST" name="browserQuit" finished-at="2025-07-02T19:10:06 IST" duration-ms="307" status="PASS">
          <params>
            <param index="0">
              <value>
                <![CDATA[[TestResult name=verifyTheUserIsAbleToLoginUsingInvalidPassCredentials status=SUCCESS method=LoginTest.verifyTheUserIsAbleToLoginUsingInvalidPassCredentials()[pri:0, instance:testscripts.LoginTest@506ae4d4] output={null}]]]>
              </value>
            </param>
          </params>
          <reporter-output>
          </reporter-output>
        </test-method> <!-- browserQuit -->
        <test-method is-config="true" signature="browserInitialization(java.lang.String)[pri:0, instance:testscripts.LoginTest@506ae4d4]" started-at="2025-07-02T19:10:06 IST" name="browserInitialization" finished-at="2025-07-02T19:10:08 IST" duration-ms="1821" status="PASS">
          <params>
            <param index="0">
              <value>
                <![CDATA[chrome]]>
              </value>
            </param>
          </params>
          <reporter-output>
          </reporter-output>
        </test-method> <!-- browserInitialization -->
        <test-method signature="verifyTheUserIsAbleToLoginUsingInvalidUserAndPassCredentials()[pri:0, instance:testscripts.LoginTest@506ae4d4]" started-at="2025-07-02T19:10:08 IST" name="verifyTheUserIsAbleToLoginUsingInvalidUserAndPassCredentials" finished-at="2025-07-02T19:10:08 IST" duration-ms="492" status="PASS">
          <reporter-output>
          </reporter-output>
        </test-method> <!-- verifyTheUserIsAbleToLoginUsingInvalidUserAndPassCredentials -->
        <test-method is-config="true" signature="browserQuit(org.testng.ITestResult)[pri:0, instance:testscripts.LoginTest@506ae4d4]" started-at="2025-07-02T19:10:08 IST" name="browserQuit" finished-at="2025-07-02T19:10:09 IST" duration-ms="225" status="PASS">
          <params>
            <param index="0">
              <value>
                <![CDATA[[TestResult name=verifyTheUserIsAbleToLoginUsingInvalidUserAndPassCredentials status=SUCCESS method=LoginTest.verifyTheUserIsAbleToLoginUsingInvalidUserAndPassCredentials()[pri:0, instance:testscripts.LoginTest@506ae4d4] output={null}]]]>
              </value>
            </param>
          </params>
          <reporter-output>
          </reporter-output>
        </test-method> <!-- browserQuit -->
        <test-method is-config="true" signature="browserInitialization(java.lang.String)[pri:0, instance:testscripts.LoginTest@506ae4d4]" started-at="2025-07-02T19:10:09 IST" name="browserInitialization" finished-at="2025-07-02T19:10:10 IST" duration-ms="1660" status="PASS">
          <params>
            <param index="0">
              <value>
                <![CDATA[chrome]]>
              </value>
            </param>
          </params>
          <reporter-output>
          </reporter-output>
        </test-method> <!-- browserInitialization -->
        <test-method signature="verifyTheUserIsAbleToLoginUsingInvalidUserCredentials()[pri:0, instance:testscripts.LoginTest@506ae4d4]" started-at="2025-07-02T19:10:10 IST" name="verifyTheUserIsAbleToLoginUsingInvalidUserCredentials" finished-at="2025-07-02T19:10:11 IST" duration-ms="624" status="PASS">
          <reporter-output>
          </reporter-output>
        </test-method> <!-- verifyTheUserIsAbleToLoginUsingInvalidUserCredentials -->
        <test-method is-config="true" signature="browserQuit(org.testng.ITestResult)[pri:0, instance:testscripts.LoginTest@506ae4d4]" started-at="2025-07-02T19:10:11 IST" name="browserQuit" finished-at="2025-07-02T19:10:11 IST" duration-ms="279" status="PASS">
          <params>
            <param index="0">
              <value>
                <![CDATA[[TestResult name=verifyTheUserIsAbleToLoginUsingInvalidUserCredentials status=SUCCESS method=LoginTest.verifyTheUserIsAbleToLoginUsingInvalidUserCredentials()[pri:0, instance:testscripts.LoginTest@506ae4d4] output={null}]]]>
              </value>
            </param>
          </params>
          <reporter-output>
          </reporter-output>
        </test-method> <!-- browserQuit -->
        <test-method is-config="true" signature="browserInitialization(java.lang.String)[pri:0, instance:testscripts.LoginTest@506ae4d4]" started-at="2025-07-02T19:10:11 IST" name="browserInitialization" finished-at="2025-07-02T19:10:13 IST" duration-ms="1674" status="PASS">
          <params>
            <param index="0">
              <value>
                <![CDATA[chrome]]>
              </value>
            </param>
          </params>
          <reporter-output>
          </reporter-output>
        </test-method> <!-- browserInitialization -->
        <test-method signature="verifyTheUserIsAbleToLoginUsingValidCredentials()[pri:0, instance:testscripts.LoginTest@506ae4d4]" started-at="2025-07-02T19:10:13 IST" name="verifyTheUserIsAbleToLoginUsingValidCredentials" finished-at="2025-07-02T19:10:14 IST" duration-ms="677" status="PASS">
          <reporter-output>
          </reporter-output>
        </test-method> <!-- verifyTheUserIsAbleToLoginUsingValidCredentials -->
        <test-method is-config="true" signature="browserQuit(org.testng.ITestResult)[pri:0, instance:testscripts.LoginTest@506ae4d4]" started-at="2025-07-02T19:10:14 IST" name="browserQuit" finished-at="2025-07-02T19:10:14 IST" duration-ms="212" status="PASS">
          <params>
            <param index="0">
              <value>
                <![CDATA[[TestResult name=verifyTheUserIsAbleToLoginUsingValidCredentials status=SUCCESS method=LoginTest.verifyTheUserIsAbleToLoginUsingValidCredentials()[pri:0, instance:testscripts.LoginTest@506ae4d4] output={null}]]]>
              </value>
            </param>
          </params>
          <reporter-output>
          </reporter-output>
        </test-method> <!-- browserQuit -->
      </class> <!-- testscripts.LoginTest -->
      <class name="testscripts.AdminUserTest">
        <test-method is-config="true" signature="browserInitialization(java.lang.String)[pri:0, instance:testscripts.AdminUserTest@b9b00e0]" started-at="2025-07-02T19:09:56 IST" name="browserInitialization" finished-at="2025-07-02T19:09:58 IST" duration-ms="1912" status="PASS">
          <params>
            <param index="0">
              <value>
                <![CDATA[chrome]]>
              </value>
            </param>
          </params>
          <reporter-output>
          </reporter-output>
        </test-method> <!-- browserInitialization -->
        <test-method signature="clickOnAdminUsersTab()[pri:0, instance:testscripts.AdminUserTest@b9b00e0]" started-at="2025-07-02T19:09:58 IST" name="clickOnAdminUsersTab" finished-at="2025-07-02T19:09:59 IST" duration-ms="1699" status="PASS">
          <reporter-output>
          </reporter-output>
        </test-method> <!-- clickOnAdminUsersTab -->
        <test-method is-config="true" signature="browserQuit(org.testng.ITestResult)[pri:0, instance:testscripts.AdminUserTest@b9b00e0]" started-at="2025-07-02T19:09:59 IST" name="browserQuit" finished-at="2025-07-02T19:09:59 IST" duration-ms="239" status="PASS">
          <params>
            <param index="0">
              <value>
                <![CDATA[[TestResult name=clickOnAdminUsersTab status=SUCCESS method=AdminUserTest.clickOnAdminUsersTab()[pri:0, instance:testscripts.AdminUserTest@b9b00e0] output={null}]]]>
              </value>
            </param>
          </params>
          <reporter-output>
          </reporter-output>
        </test-method> <!-- browserQuit -->
        <test-method is-config="true" signature="browserInitialization(java.lang.String)[pri:0, instance:testscripts.AdminUserTest@b9b00e0]" started-at="2025-07-02T19:09:59 IST" name="browserInitialization" finished-at="2025-07-02T19:10:01 IST" duration-ms="1841" status="PASS">
          <params>
            <param index="0">
              <value>
                <![CDATA[chrome]]>
              </value>
            </param>
          </params>
          <reporter-output>
          </reporter-output>
        </test-method> <!-- browserInitialization -->
        <test-method signature="updateExistingUserDetails()[pri:0, instance:testscripts.AdminUserTest@b9b00e0]" started-at="2025-07-02T19:10:01 IST" name="updateExistingUserDetails" finished-at="2025-07-02T19:10:03 IST" duration-ms="1752" status="PASS">
          <reporter-output>
          </reporter-output>
        </test-method> <!-- updateExistingUserDetails -->
        <test-method is-config="true" signature="browserQuit(org.testng.ITestResult)[pri:0, instance:testscripts.AdminUserTest@b9b00e0]" started-at="2025-07-02T19:10:03 IST" name="browserQuit" finished-at="2025-07-02T19:10:03 IST" duration-ms="244" status="PASS">
          <params>
            <param index="0">
              <value>
                <![CDATA[[TestResult name=updateExistingUserDetails status=SUCCESS method=AdminUserTest.updateExistingUserDetails()[pri:0, instance:testscripts.AdminUserTest@b9b00e0] output={null}]]]>
              </value>
            </param>
          </params>
          <reporter-output>
          </reporter-output>
        </test-method> <!-- browserQuit -->
      </class> <!-- testscripts.AdminUserTest -->
    </test> <!-- Test -->
  </suite> <!-- Suite -->
</testng-results>
